#
# There is insufficient memory for the Java Runtime Environment to continue.
# Native memory allocation (malloc) failed to allocate 764896 bytes for Chunk::new
# Possible reasons:
#   The system is out of physical RAM or swap space
#   The process is running with CompressedOops enabled, and the Java Heap may be blocking the growth of the native heap
# Possible solutions:
#   Reduce memory load on the system
#   Increase physical memory or swap space
#   Check if swap backing store is full
#   Decrease Java heap size (-Xmx/-Xms)
#   Decrease number of Java threads
#   Decrease Java thread stack sizes (-Xss)
#   Set larger code cache with -XX:ReservedCodeCacheSize=
#   JVM is running with Unscaled Compressed Oops mode in which the Java heap is
#     placed in the first 4GB address space. The Java Heap base address is the
#     maximum limit for the native heap growth. Please use -XX:HeapBaseMinAddress
#     to set the Java Heap base and to place the Java Heap above 4GB virtual address.
# This output file may be truncated or incomplete.
#
#  Out of Memory Error (./src/hotspot/share/memory/arena.cpp:197), pid=7252, tid=18384
#
# JRE version: OpenJDK Runtime Environment (11.0.10) (build 11.0.10+0-b96-7249189)
# Java VM: OpenJDK 64-Bit Server VM (11.0.10+0-b96-7249189, mixed mode, tiered, compressed oops, g1 gc, windows-amd64)
# No core dump will be written. Minidumps are not enabled by default on client versions of Windows
#

---------------  S U M M A R Y ------------

Command Line: --add-opens=java.base/java.util=ALL-UNNAMED --add-opens=java.base/java.lang=ALL-UNNAMED --add-opens=java.base/java.lang.invoke=ALL-UNNAMED --add-opens=java.base/java.util=ALL-UNNAMED --add-opens=java.prefs/java.util.prefs=ALL-UNNAMED --add-opens=java.prefs/java.util.prefs=ALL-UNNAMED --add-opens=java.base/java.nio.charset=ALL-UNNAMED --add-opens=java.base/java.net=ALL-UNNAMED --add-opens=java.base/java.util.concurrent.atomic=ALL-UNNAMED -Xmx2048m -Dfile.encoding=UTF-8 -Duser.country=CN -Duser.language=zh -Duser.variant org.gradle.launcher.daemon.bootstrap.GradleDaemon 7.0.2

Host: AMD Ryzen 7 2700U with Radeon Vega Mobile Gfx  , 8 cores, 7G,  Windows 10 , 64 bit Build 19041 (10.0.19041.1202)
Time: Tue Nov  9 16:02:25 2021 中国标准时间 elapsed time: 2460.031567 seconds (0d 0h 41m 0s)

---------------  T H R E A D  ---------------

Current thread (0x000001dd7ec29800):  JavaThread "C2 CompilerThread0" daemon [_thread_in_native, id=18384, stack(0x0000001de4200000,0x0000001de4300000)]


Current CompileTask:
C2:2460031 16137   !   4       org.gradle.internal.snapshot.FileSystemLeafSnapshot::accept (36 bytes)

Stack: [0x0000001de4200000,0x0000001de4300000]
Native frames: (J=compiled Java code, j=interpreted, Vv=VM code, C=native code)
V  [jvm.dll+0x5ecfaa]
V  [jvm.dll+0x722bd5]
V  [jvm.dll+0x72412d]
V  [jvm.dll+0x7247e3]
V  [jvm.dll+0x242928]
V  [jvm.dll+0xbc4fc]
V  [jvm.dll+0xbca0c]
V  [jvm.dll+0x2b4fd4]
V  [jvm.dll+0x506028]
V  [jvm.dll+0x203253]
V  [jvm.dll+0x1fd07c]
V  [jvm.dll+0x1fa77f]
V  [jvm.dll+0x18354c]
V  [jvm.dll+0x208ee7]
V  [jvm.dll+0x207731]
V  [jvm.dll+0x6eb1cf]
V  [jvm.dll+0x6e3d45]
V  [jvm.dll+0x5ebe96]
C  [ucrtbase.dll+0x21bb2]
C  [KERNEL32.DLL+0x17034]
C  [ntdll.dll+0x52651]


---------------  P R O C E S S  ---------------

Threads class SMR info:
_java_thread_list=0x000001dd0b53b0d0, length=67, elements={
0x000001dd687aa800, 0x000001dd7ec04000, 0x000001dd7ec0d800, 0x000001dd7ec24000,
0x000001dd7ec25000, 0x000001dd7ec26800, 0x000001dd7ec29800, 0x000001dd7ec2e000,
0x000001dd7ec39800, 0x000001dd7f610800, 0x000001dd08e02800, 0x000001dd7f634800,
0x000001dd0919f000, 0x000001dd096a8800, 0x000001dd096a9000, 0x000001dd096a6000,
0x000001dd096ab000, 0x000001dd096a5000, 0x000001dd096a6800, 0x000001dd0b474000,
0x000001dd0b475800, 0x000001dd0b478800, 0x000001dd0b474800, 0x000001dd0b477000,
0x000001dd0b478000, 0x000001dd0b473000, 0x000001dd0b47c000, 0x000001dd0b47c800,
0x000001dd0c2ec800, 0x000001dd0c2e7000, 0x000001dd0c2ec000, 0x000001dd0c2e8000,
0x000001dd0c2ee800, 0x000001dd0c2ea800, 0x000001dd0c2eb000, 0x000001dd0c2e8800,
0x000001dd0c2ef000, 0x000001dd0c2e9800, 0x000001dd0c2f0000, 0x000001dd0c2f1800,
0x000001dd0c2f5000, 0x000001dd0c2f2800, 0x000001dd0c2f1000, 0x000001dd0c2f3800,
0x000001dd0c2f4000, 0x000001dd0c2f5800, 0x000001dd0b47e800, 0x000001dd0b47f000,
0x000001dd0b479800, 0x000001dd0b47b000, 0x000001dd0b480000, 0x000001dd0b47a800,
0x000001dd0b481000, 0x000001dd096aa000, 0x000001dd096a4800, 0x000001dd096a7800,
0x000001dd0b5bd000, 0x000001dd0b5b7800, 0x000001dd0b5b9000, 0x000001dd0b5be000,
0x000001dd0b5ba000, 0x000001dd0b5b8000, 0x000001dd0b5bf000, 0x000001dd0b5ba800,
0x000001dd0b5c1000, 0x000001dd0b5bf800, 0x000001dd0b5c0800
}

Java Threads: ( => current thread )
  0x000001dd687aa800 JavaThread "main" [_thread_blocked, id=17072, stack(0x0000001de3600000,0x0000001de3700000)]
  0x000001dd7ec04000 JavaThread "Reference Handler" daemon [_thread_blocked, id=15036, stack(0x0000001de3d00000,0x0000001de3e00000)]
  0x000001dd7ec0d800 JavaThread "Finalizer" daemon [_thread_blocked, id=12316, stack(0x0000001de3e00000,0x0000001de3f00000)]
  0x000001dd7ec24000 JavaThread "Signal Dispatcher" daemon [_thread_blocked, id=2108, stack(0x0000001de3f00000,0x0000001de4000000)]
  0x000001dd7ec25000 JavaThread "Attach Listener" daemon [_thread_blocked, id=8144, stack(0x0000001de4000000,0x0000001de4100000)]
  0x000001dd7ec26800 JavaThread "Service Thread" daemon [_thread_blocked, id=11228, stack(0x0000001de4100000,0x0000001de4200000)]
=>0x000001dd7ec29800 JavaThread "C2 CompilerThread0" daemon [_thread_in_native, id=18384, stack(0x0000001de4200000,0x0000001de4300000)]
  0x000001dd7ec2e000 JavaThread "C1 CompilerThread0" daemon [_thread_blocked, id=5224, stack(0x0000001de4300000,0x0000001de4400000)]
  0x000001dd7ec39800 JavaThread "Sweeper thread" daemon [_thread_blocked, id=9248, stack(0x0000001de4400000,0x0000001de4500000)]
  0x000001dd7f610800 JavaThread "Common-Cleaner" daemon [_thread_blocked, id=10864, stack(0x0000001de4500000,0x0000001de4600000)]
  0x000001dd08e02800 JavaThread "Daemon health stats" [_thread_blocked, id=10904, stack(0x0000001de4900000,0x0000001de4a00000)]
  0x000001dd7f634800 JavaThread "Incoming local TCP Connector on port 60039" [_thread_in_native, id=11816, stack(0x0000001de4700000,0x0000001de4800000)]
  0x000001dd0919f000 JavaThread "Daemon periodic checks" [_thread_blocked, id=6276, stack(0x0000001de4a00000,0x0000001de4b00000)]
  0x000001dd096a8800 JavaThread "Cache worker for file hash cache (D:\Demo\Android_projects\MyApplication_WeChat\app\src\main\res\drawable\caches\7.0.2\fileHashes)" [_thread_in_native, id=17272, stack(0x0000001de5800000,0x0000001de5900000)]
  0x000001dd096a9000 JavaThread "File lock request listener" [_thread_in_native, id=14460, stack(0x0000001de5900000,0x0000001de5a00000)]
  0x000001dd096a6000 JavaThread "Cache worker for journal cache (D:\Demo\Android_projects\MyApplication_WeChat\app\src\main\res\drawable\caches\journal-1)" [_thread_blocked, id=15764, stack(0x0000001de5b00000,0x0000001de5c00000)]
  0x000001dd096ab000 JavaThread "File watcher server" daemon [_thread_in_native, id=3100, stack(0x0000001de5e00000,0x0000001de5f00000)]
  0x000001dd096a5000 JavaThread "File watcher consumer" daemon [_thread_blocked, id=10112, stack(0x0000001de5f00000,0x0000001de6000000)]
  0x000001dd096a6800 JavaThread "jar transforms" [_thread_blocked, id=3000, stack(0x0000001de6000000,0x0000001de6100000)]
  0x000001dd0b474000 JavaThread "jar transforms Thread 2" [_thread_blocked, id=15336, stack(0x0000001de6100000,0x0000001de6200000)]
  0x000001dd0b475800 JavaThread "jar transforms Thread 3" [_thread_blocked, id=15084, stack(0x0000001de6200000,0x0000001de6300000)]
  0x000001dd0b478800 JavaThread "jar transforms Thread 4" [_thread_blocked, id=7004, stack(0x0000001de6300000,0x0000001de6400000)]
  0x000001dd0b474800 JavaThread "jar transforms Thread 5" [_thread_blocked, id=8448, stack(0x0000001de6400000,0x0000001de6500000)]
  0x000001dd0b477000 JavaThread "jar transforms Thread 6" [_thread_blocked, id=16176, stack(0x0000001de6500000,0x0000001de6600000)]
  0x000001dd0b478000 JavaThread "jar transforms Thread 7" [_thread_blocked, id=10620, stack(0x0000001de6700000,0x0000001de6800000)]
  0x000001dd0b473000 JavaThread "jar transforms Thread 8" [_thread_blocked, id=4080, stack(0x0000001de6800000,0x0000001de6900000)]
  0x000001dd0b47c000 JavaThread "Cache worker for execution history cache (D:\Demo\Android_projects\MyApplication_WeChat\app\src\main\res\drawable\caches\7.0.2\executionHistory)" [_thread_blocked, id=15752, stack(0x0000001de6b00000,0x0000001de6c00000)]
  0x000001dd0b47c800 JavaThread "Cache worker for file content cache (D:\Demo\Android_projects\MyApplication_WeChat\app\src\main\res\drawable\caches\7.0.2\fileContent)" [_thread_blocked, id=8992, stack(0x0000001de6d00000,0x0000001de6e00000)]
  0x000001dd0c2ec800 JavaThread "Memory manager" [_thread_blocked, id=2968, stack(0x0000001de7700000,0x0000001de7800000)]
  0x000001dd0c2e7000 JavaThread "Daemon Thread 2" [_thread_blocked, id=14720, stack(0x0000001de3300000,0x0000001de3400000)]
  0x000001dd0c2ec000 JavaThread "Handler for socket connection from /127.0.0.1:60039 to /127.0.0.1:61020" [_thread_in_native, id=3032, stack(0x0000001de3400000,0x0000001de3500000)]
  0x000001dd0c2e8000 JavaThread "Cancel handler" [_thread_blocked, id=11240, stack(0x0000001de3500000,0x0000001de3600000)]
  0x000001dd0c2ee800 JavaThread "Daemon worker Thread 2" [_thread_blocked, id=17824, stack(0x0000001de4b00000,0x0000001de4c00000)]
  0x000001dd0c2ea800 JavaThread "Asynchronous log dispatcher for DefaultDaemonConnection: socket connection from /127.0.0.1:60039 to /127.0.0.1:61020" [_thread_blocked, id=14260, stack(0x0000001de4c00000,0x0000001de4d00000)]
  0x000001dd0c2eb000 JavaThread "Stdin handler" [_thread_blocked, id=11788, stack(0x0000001de4d00000,0x0000001de4e00000)]
  0x000001dd0c2e8800 JavaThread "Daemon client event forwarder" [_thread_blocked, id=15140, stack(0x0000001de4e00000,0x0000001de4f00000)]
  0x000001dd0c2ef000 JavaThread "Cache worker for file hash cache (D:\Demo\Android_projects\Calaulator_new\.gradle\7.0.2\fileHashes)" [_thread_blocked, id=16048, stack(0x0000001de4f00000,0x0000001de5000000)]
  0x000001dd0c2e9800 JavaThread "Cache worker for checksums cache (D:\Demo\Android_projects\Calaulator_new\.gradle\checksums)" [_thread_blocked, id=14424, stack(0x0000001de5000000,0x0000001de5100000)]
  0x000001dd0c2f0000 JavaThread "Cache worker for cache directory md-supplier (D:\Demo\Android_projects\MyApplication_WeChat\app\src\main\res\drawable\caches\7.0.2\md-supplier)" [_thread_blocked, id=15684, stack(0x0000001de5100000,0x0000001de5200000)]
  0x000001dd0c2f1800 JavaThread "Cache worker for cache directory md-rule (D:\Demo\Android_projects\MyApplication_WeChat\app\src\main\res\drawable\caches\7.0.2\md-rule)" [_thread_blocked, id=376, stack(0x0000001de5c00000,0x0000001de5d00000)]
  0x000001dd0c2f5000 JavaThread "Cache worker for dependencies-accessors (D:\Demo\Android_projects\Calaulator_new\.gradle\7.0.2\dependencies-accessors)" [_thread_blocked, id=18072, stack(0x0000001de5d00000,0x0000001de5e00000)]
  0x000001dd0c2f2800 JavaThread "Cache worker for Build Output Cleanup Cache (D:\Demo\Android_projects\Calaulator_new\.gradle\buildOutputCleanup)" [_thread_blocked, id=9008, stack(0x0000001de6900000,0x0000001de6a00000)]
  0x000001dd0c2f1000 JavaThread "Build operations" [_thread_blocked, id=9292, stack(0x0000001de6a00000,0x0000001de6b00000)]
  0x000001dd0c2f3800 JavaThread "Build operations Thread 2" [_thread_blocked, id=1944, stack(0x0000001de6c00000,0x0000001de6d00000)]
  0x000001dd0c2f4000 JavaThread "Build operations Thread 3" [_thread_blocked, id=11592, stack(0x0000001de6e00000,0x0000001de6f00000)]
  0x000001dd0c2f5800 JavaThread "Build operations Thread 4" [_thread_blocked, id=17480, stack(0x0000001de6f00000,0x0000001de7000000)]
  0x000001dd0b47e800 JavaThread "Build operations Thread 5" [_thread_blocked, id=10624, stack(0x0000001de7000000,0x0000001de7100000)]
  0x000001dd0b47f000 JavaThread "Build operations Thread 6" [_thread_blocked, id=4992, stack(0x0000001de7100000,0x0000001de7200000)]
  0x000001dd0b479800 JavaThread "Build operations Thread 7" [_thread_blocked, id=14228, stack(0x0000001de7200000,0x0000001de7300000)]
  0x000001dd0b47b000 JavaThread "Build operations Thread 8" [_thread_blocked, id=14144, stack(0x0000001de7300000,0x0000001de7400000)]
  0x000001dd0b480000 JavaThread "build event listener" [_thread_blocked, id=18312, stack(0x0000001de7500000,0x0000001de7600000)]
  0x000001dd0b47a800 JavaThread "Execution worker for ':'" [_thread_blocked, id=17672, stack(0x0000001de7600000,0x0000001de7700000)]
  0x000001dd0b481000 JavaThread "Execution worker for ':' Thread 2" [_thread_blocked, id=10424, stack(0x0000001de7800000,0x0000001de7900000)]
  0x000001dd096aa000 JavaThread "Execution worker for ':' Thread 3" [_thread_blocked, id=12400, stack(0x0000001de7900000,0x0000001de7a00000)]
  0x000001dd096a4800 JavaThread "Execution worker for ':' Thread 4" [_thread_blocked, id=17972, stack(0x0000001de7a00000,0x0000001de7b00000)]
  0x000001dd096a7800 JavaThread "Execution worker for ':' Thread 5" [_thread_blocked, id=17028, stack(0x0000001de7b00000,0x0000001de7c00000)]
  0x000001dd0b5bd000 JavaThread "Execution worker for ':' Thread 6" [_thread_blocked, id=15532, stack(0x0000001de7c00000,0x0000001de7d00000)]
  0x000001dd0b5b7800 JavaThread "Execution worker for ':' Thread 7" [_thread_blocked, id=13372, stack(0x0000001de7d00000,0x0000001de7e00000)]
  0x000001dd0b5b9000 JavaThread "Cache worker for execution history cache (D:\Demo\Android_projects\Calaulator_new\.gradle\7.0.2\executionHistory)" [_thread_blocked, id=12544, stack(0x0000001de7e00000,0x0000001de7f00000)]
  0x000001dd0b5be000 JavaThread "WorkerExecutor Queue" [_thread_blocked, id=17204, stack(0x0000001de7f00000,0x0000001de8000000)]
  0x000001dd0b5ba000 JavaThread "WorkerExecutor Queue Thread 2" [_thread_blocked, id=528, stack(0x0000001de8000000,0x0000001de8100000)]
  0x000001dd0b5b8000 JavaThread "WorkerExecutor Queue Thread 3" [_thread_blocked, id=15232, stack(0x0000001de8100000,0x0000001de8200000)]
  0x000001dd0b5bf000 JavaThread "WorkerExecutor Queue Thread 4" [_thread_blocked, id=11504, stack(0x0000001de8200000,0x0000001de8300000)]
  0x000001dd0b5ba800 JavaThread "WorkerExecutor Queue Thread 5" [_thread_blocked, id=6728, stack(0x0000001de8300000,0x0000001de8400000)]
  0x000001dd0b5c1000 JavaThread "WorkerExecutor Queue Thread 6" [_thread_blocked, id=1348, stack(0x0000001de8400000,0x0000001de8500000)]
  0x000001dd0b5bf800 JavaThread "WorkerExecutor Queue Thread 7" [_thread_blocked, id=9556, stack(0x0000001de8500000,0x0000001de8600000)]
  0x000001dd0b5c0800 JavaThread "WorkerExecutor Queue Thread 8" [_thread_blocked, id=16932, stack(0x0000001de8600000,0x0000001de8700000)]

Other Threads:
  0x000001dd7ebfe000 VMThread "VM Thread" [stack: 0x0000001de3c00000,0x0000001de3d00000] [id=17680]
  0x000001dd7f62f000 WatcherThread [stack: 0x0000001de4600000,0x0000001de4700000] [id=2192]
  0x000001dd687c5800 GCTaskThread "GC Thread#0" [stack: 0x0000001de3700000,0x0000001de3800000] [id=2856]
  0x000001dd04130800 GCTaskThread "GC Thread#1" [stack: 0x0000001de4800000,0x0000001de4900000] [id=15872]
  0x000001dd094d8000 GCTaskThread "GC Thread#2" [stack: 0x0000001de5200000,0x0000001de5300000] [id=7916]
  0x000001dd096e6800 GCTaskThread "GC Thread#3" [stack: 0x0000001de5300000,0x0000001de5400000] [id=10352]
  0x000001dd0942b800 GCTaskThread "GC Thread#4" [stack: 0x0000001de5400000,0x0000001de5500000] [id=8652]
  0x000001dd0942c000 GCTaskThread "GC Thread#5" [stack: 0x0000001de5500000,0x0000001de5600000] [id=808]
  0x000001dd04698800 GCTaskThread "GC Thread#6" [stack: 0x0000001de5600000,0x0000001de5700000] [id=13048]
  0x000001dd04699000 GCTaskThread "GC Thread#7" [stack: 0x0000001de5700000,0x0000001de5800000] [id=15164]
  0x000001dd687f8000 ConcurrentGCThread "G1 Main Marker" [stack: 0x0000001de3800000,0x0000001de3900000] [id=4460]
  0x000001dd687f9800 ConcurrentGCThread "G1 Conc#0" [stack: 0x0000001de3900000,0x0000001de3a00000] [id=17756]
  0x000001dd040dc800 ConcurrentGCThread "G1 Conc#1" [stack: 0x0000001de5a00000,0x0000001de5b00000] [id=13632]
  0x000001dd68887800 ConcurrentGCThread "G1 Refine#0" [stack: 0x0000001de3a00000,0x0000001de3b00000] [id=18080]
  0x000001dd0e2ff800 ConcurrentGCThread "G1 Refine#1" [stack: 0x0000001de7400000,0x0000001de7500000] [id=17220]
  0x000001dd68888800 ConcurrentGCThread "G1 Young RemSet Sampling" [stack: 0x0000001de3b00000,0x0000001de3c00000] [id=13844]

Threads with active compile tasks:
C2 CompilerThread02460342 16137   !   4       org.gradle.internal.snapshot.FileSystemLeafSnapshot::accept (36 bytes)

VM state:not at safepoint (normal execution)

VM Mutex/Monitor currently owned by a thread: None

Heap address: 0x0000000080000000, size: 2048 MB, Compressed Oops mode: 32-bit
Narrow klass base: 0x0000000000000000, Narrow klass shift: 3
Compressed class space size: 1073741824 Address: 0x0000000100000000

Heap:
 garbage-first heap   total 311296K, used 190777K [0x0000000080000000, 0x0000000100000000)
  region size 1024K, 65 young (66560K), 1 survivors (1024K)
 Metaspace       used 118237K, capacity 120876K, committed 121244K, reserved 1155072K
  class space    used 14792K, capacity 15750K, committed 15872K, reserved 1048576K
Heap Regions: E=young(eden), S=young(survivor), O=old, HS=humongous(starts), HC=humongous(continues), CS=collection set, F=free, A=archive, TAMS=top-at-mark-start (previous, next)
|   0|0x0000000080000000, 0x0000000080100000, 0x0000000080100000|100%| O|  |TAMS 0x0000000080100000, 0x0000000080000000| Untracked 
|   1|0x0000000080100000, 0x0000000080200000, 0x0000000080200000|100%| O|  |TAMS 0x0000000080200000, 0x0000000080100000| Untracked 
|   2|0x0000000080200000, 0x0000000080300000, 0x0000000080300000|100%| O|  |TAMS 0x0000000080300000, 0x0000000080200000| Untracked 
|   3|0x0000000080300000, 0x0000000080400000, 0x0000000080400000|100%|HS|  |TAMS 0x0000000080400000, 0x0000000080300000| Complete 
|   4|0x0000000080400000, 0x0000000080500000, 0x0000000080500000|100%|HC|  |TAMS 0x0000000080500000, 0x0000000080400000| Complete 
|   5|0x0000000080500000, 0x0000000080600000, 0x0000000080600000|100%|HC|  |TAMS 0x0000000080600000, 0x0000000080500000| Complete 
|   6|0x0000000080600000, 0x0000000080700000, 0x0000000080700000|100%| O|  |TAMS 0x0000000080700000, 0x0000000080600000| Untracked 
|   7|0x0000000080700000, 0x0000000080800000, 0x0000000080800000|100%| O|  |TAMS 0x0000000080800000, 0x0000000080700000| Untracked 
|   8|0x0000000080800000, 0x0000000080900000, 0x0000000080900000|100%| O|  |TAMS 0x0000000080900000, 0x0000000080800000| Untracked 
|   9|0x0000000080900000, 0x0000000080a00000, 0x0000000080a00000|100%| O|  |TAMS 0x0000000080a00000, 0x0000000080900000| Untracked 
|  10|0x0000000080a00000, 0x0000000080b00000, 0x0000000080b00000|100%| O|  |TAMS 0x0000000080b00000, 0x0000000080a00000| Untracked 
|  11|0x0000000080b00000, 0x0000000080c00000, 0x0000000080c00000|100%| O|  |TAMS 0x0000000080c00000, 0x0000000080b00000| Untracked 
|  12|0x0000000080c00000, 0x0000000080d00000, 0x0000000080d00000|100%| O|  |TAMS 0x0000000080d00000, 0x0000000080c00000| Untracked 
|  13|0x0000000080d00000, 0x0000000080e00000, 0x0000000080e00000|100%| O|  |TAMS 0x0000000080e00000, 0x0000000080d00000| Untracked 
|  14|0x0000000080e00000, 0x0000000080f00000, 0x0000000080f00000|100%| O|  |TAMS 0x0000000080f00000, 0x0000000080e00000| Untracked 
|  15|0x0000000080f00000, 0x0000000081000000, 0x0000000081000000|100%| O|  |TAMS 0x0000000081000000, 0x0000000080f00000| Untracked 
|  16|0x0000000081000000, 0x0000000081100000, 0x0000000081100000|100%|HS|  |TAMS 0x0000000081100000, 0x0000000081000000| Complete 
|  17|0x0000000081100000, 0x0000000081200000, 0x0000000081200000|100%|HC|  |TAMS 0x0000000081200000, 0x0000000081100000| Complete 
|  18|0x0000000081200000, 0x0000000081300000, 0x0000000081300000|100%|HS|  |TAMS 0x0000000081300000, 0x0000000081200000| Complete 
|  19|0x0000000081300000, 0x0000000081400000, 0x0000000081400000|100%|HC|  |TAMS 0x0000000081400000, 0x0000000081300000| Complete 
|  20|0x0000000081400000, 0x0000000081500000, 0x0000000081500000|100%|HC|  |TAMS 0x0000000081500000, 0x0000000081400000| Complete 
|  21|0x0000000081500000, 0x0000000081600000, 0x0000000081600000|100%|HS|  |TAMS 0x0000000081600000, 0x0000000081500000| Complete 
|  22|0x0000000081600000, 0x0000000081700000, 0x0000000081700000|100%|HC|  |TAMS 0x0000000081700000, 0x0000000081600000| Complete 
|  23|0x0000000081700000, 0x0000000081800000, 0x0000000081800000|100%|HC|  |TAMS 0x0000000081800000, 0x0000000081700000| Complete 
|  24|0x0000000081800000, 0x0000000081900000, 0x0000000081900000|100%|HC|  |TAMS 0x0000000081900000, 0x0000000081800000| Complete 
|  25|0x0000000081900000, 0x0000000081a00000, 0x0000000081a00000|100%|HC|  |TAMS 0x0000000081a00000, 0x0000000081900000| Complete 
|  26|0x0000000081a00000, 0x0000000081b00000, 0x0000000081b00000|100%| O|  |TAMS 0x0000000081b00000, 0x0000000081a00000| Untracked 
|  27|0x0000000081b00000, 0x0000000081c00000, 0x0000000081c00000|100%| O|  |TAMS 0x0000000081c00000, 0x0000000081b00000| Untracked 
|  28|0x0000000081c00000, 0x0000000081d00000, 0x0000000081d00000|100%| O|  |TAMS 0x0000000081d00000, 0x0000000081c00000| Untracked 
|  29|0x0000000081d00000, 0x0000000081e00000, 0x0000000081e00000|100%| O|  |TAMS 0x0000000081e00000, 0x0000000081d00000| Untracked 
|  30|0x0000000081e00000, 0x0000000081f00000, 0x0000000081f00000|100%| O|  |TAMS 0x0000000081f00000, 0x0000000081e00000| Untracked 
|  31|0x0000000081f00000, 0x0000000082000000, 0x0000000082000000|100%| O|  |TAMS 0x0000000082000000, 0x0000000081f00000| Untracked 
|  32|0x0000000082000000, 0x0000000082100000, 0x0000000082100000|100%| O|  |TAMS 0x0000000082100000, 0x0000000082000000| Untracked 
|  33|0x0000000082100000, 0x0000000082200000, 0x0000000082200000|100%| O|  |TAMS 0x0000000082200000, 0x0000000082100000| Untracked 
|  34|0x0000000082200000, 0x0000000082300000, 0x0000000082300000|100%|HS|  |TAMS 0x0000000082300000, 0x0000000082200000| Complete 
|  35|0x0000000082300000, 0x0000000082400000, 0x0000000082400000|100%|HC|  |TAMS 0x0000000082400000, 0x0000000082300000| Complete 
|  36|0x0000000082400000, 0x0000000082500000, 0x0000000082500000|100%|HC|  |TAMS 0x0000000082500000, 0x0000000082400000| Complete 
|  37|0x0000000082500000, 0x0000000082600000, 0x0000000082600000|100%|HC|  |TAMS 0x0000000082600000, 0x0000000082500000| Complete 
|  38|0x0000000082600000, 0x0000000082700000, 0x0000000082700000|100%|HC|  |TAMS 0x0000000082700000, 0x0000000082600000| Complete 
|  39|0x0000000082700000, 0x0000000082800000, 0x0000000082800000|100%|HS|  |TAMS 0x0000000082800000, 0x0000000082700000| Complete 
|  40|0x0000000082800000, 0x0000000082900000, 0x0000000082900000|100%|HC|  |TAMS 0x0000000082900000, 0x0000000082800000| Complete 
|  41|0x0000000082900000, 0x0000000082a00000, 0x0000000082a00000|100%|HC|  |TAMS 0x0000000082a00000, 0x0000000082900000| Complete 
|  42|0x0000000082a00000, 0x0000000082b00000, 0x0000000082b00000|100%| O|  |TAMS 0x0000000082b00000, 0x0000000082a00000| Untracked 
|  43|0x0000000082b00000, 0x0000000082c00000, 0x0000000082c00000|100%| O|  |TAMS 0x0000000082c00000, 0x0000000082b00000| Untracked 
|  44|0x0000000082c00000, 0x0000000082d00000, 0x0000000082d00000|100%| O|  |TAMS 0x0000000082d00000, 0x0000000082c00000| Untracked 
|  45|0x0000000082d00000, 0x0000000082e00000, 0x0000000082e00000|100%| O|  |TAMS 0x0000000082e00000, 0x0000000082d00000| Untracked 
|  46|0x0000000082e00000, 0x0000000082f00000, 0x0000000082f00000|100%| O|  |TAMS 0x0000000082f00000, 0x0000000082e00000| Untracked 
|  47|0x0000000082f00000, 0x0000000083000000, 0x0000000083000000|100%| O|  |TAMS 0x0000000083000000, 0x0000000082f00000| Untracked 
|  48|0x0000000083000000, 0x0000000083100000, 0x0000000083100000|100%| O|  |TAMS 0x0000000083100000, 0x0000000083000000| Untracked 
|  49|0x0000000083100000, 0x0000000083200000, 0x0000000083200000|100%| O|  |TAMS 0x0000000083200000, 0x0000000083100000| Untracked 
|  50|0x0000000083200000, 0x0000000083300000, 0x0000000083300000|100%| O|  |TAMS 0x0000000083300000, 0x0000000083200000| Untracked 
|  51|0x0000000083300000, 0x0000000083400000, 0x0000000083400000|100%| O|  |TAMS 0x0000000083400000, 0x0000000083300000| Untracked 
|  52|0x0000000083400000, 0x0000000083500000, 0x0000000083500000|100%|HS|  |TAMS 0x0000000083500000, 0x0000000083400000| Complete 
|  53|0x0000000083500000, 0x0000000083600000, 0x0000000083600000|100%|HS|  |TAMS 0x0000000083600000, 0x0000000083500000| Complete 
|  54|0x0000000083600000, 0x0000000083700000, 0x0000000083700000|100%|HS|  |TAMS 0x0000000083700000, 0x0000000083600000| Complete 
|  55|0x0000000083700000, 0x0000000083800000, 0x0000000083800000|100%|HC|  |TAMS 0x0000000083800000, 0x0000000083700000| Complete 
|  56|0x0000000083800000, 0x0000000083900000, 0x0000000083900000|100%| O|  |TAMS 0x0000000083900000, 0x0000000083800000| Untracked 
|  57|0x0000000083900000, 0x0000000083a00000, 0x0000000083a00000|100%| O|  |TAMS 0x0000000083a00000, 0x0000000083900000| Untracked 
|  58|0x0000000083a00000, 0x0000000083b00000, 0x0000000083b00000|100%| O|  |TAMS 0x0000000083b00000, 0x0000000083a00000| Untracked 
|  59|0x0000000083b00000, 0x0000000083c00000, 0x0000000083c00000|100%| O|  |TAMS 0x0000000083c00000, 0x0000000083b00000| Untracked 
|  60|0x0000000083c00000, 0x0000000083d00000, 0x0000000083d00000|100%| O|  |TAMS 0x0000000083d00000, 0x0000000083c00000| Untracked 
|  61|0x0000000083d00000, 0x0000000083e00000, 0x0000000083e00000|100%| O|  |TAMS 0x0000000083e00000, 0x0000000083d00000| Untracked 
|  62|0x0000000083e00000, 0x0000000083f00000, 0x0000000083f00000|100%| O|  |TAMS 0x0000000083f00000, 0x0000000083e00000| Untracked 
|  63|0x0000000083f00000, 0x0000000084000000, 0x0000000084000000|100%| O|  |TAMS 0x0000000084000000, 0x0000000083f00000| Untracked 
|  64|0x0000000084000000, 0x0000000084100000, 0x0000000084100000|100%| O|  |TAMS 0x0000000084100000, 0x0000000084000000| Untracked 
|  65|0x0000000084100000, 0x0000000084200000, 0x0000000084200000|100%| O|  |TAMS 0x0000000084200000, 0x0000000084100000| Untracked 
|  66|0x0000000084200000, 0x0000000084300000, 0x0000000084300000|100%| O|  |TAMS 0x0000000084300000, 0x0000000084200000| Untracked 
|  67|0x0000000084300000, 0x0000000084400000, 0x0000000084400000|100%| O|  |TAMS 0x0000000084400000, 0x0000000084300000| Untracked 
|  68|0x0000000084400000, 0x0000000084500000, 0x0000000084500000|100%| O|  |TAMS 0x0000000084500000, 0x0000000084400000| Untracked 
|  69|0x0000000084500000, 0x0000000084600000, 0x0000000084600000|100%| O|  |TAMS 0x0000000084600000, 0x0000000084500000| Untracked 
|  70|0x0000000084600000, 0x0000000084700000, 0x0000000084700000|100%| O|  |TAMS 0x0000000084700000, 0x0000000084600000| Untracked 
|  71|0x0000000084700000, 0x0000000084800000, 0x0000000084800000|100%| O|  |TAMS 0x0000000084800000, 0x0000000084700000| Untracked 
|  72|0x0000000084800000, 0x0000000084900000, 0x0000000084900000|100%| O|  |TAMS 0x0000000084900000, 0x0000000084800000| Untracked 
|  73|0x0000000084900000, 0x0000000084a00000, 0x0000000084a00000|100%| O|  |TAMS 0x0000000084a00000, 0x0000000084900000| Untracked 
|  74|0x0000000084a00000, 0x0000000084b00000, 0x0000000084b00000|100%| O|  |TAMS 0x0000000084b00000, 0x0000000084a00000| Untracked 
|  75|0x0000000084b00000, 0x0000000084c00000, 0x0000000084c00000|100%| O|  |TAMS 0x0000000084c00000, 0x0000000084b00000| Untracked 
|  76|0x0000000084c00000, 0x0000000084d00000, 0x0000000084d00000|100%| O|  |TAMS 0x0000000084d00000, 0x0000000084c00000| Untracked 
|  77|0x0000000084d00000, 0x0000000084e00000, 0x0000000084e00000|100%| O|  |TAMS 0x0000000084e00000, 0x0000000084d00000| Untracked 
|  78|0x0000000084e00000, 0x0000000084f00000, 0x0000000084f00000|100%| O|  |TAMS 0x0000000084f00000, 0x0000000084e00000| Untracked 
|  79|0x0000000084f00000, 0x0000000085000000, 0x0000000085000000|100%| O|  |TAMS 0x0000000085000000, 0x0000000084f00000| Untracked 
|  80|0x0000000085000000, 0x0000000085100000, 0x0000000085100000|100%| O|  |TAMS 0x0000000085100000, 0x0000000085000000| Untracked 
|  81|0x0000000085100000, 0x0000000085200000, 0x0000000085200000|100%|HS|  |TAMS 0x0000000085200000, 0x0000000085100000| Complete 
|  82|0x0000000085200000, 0x0000000085300000, 0x0000000085300000|100%| O|  |TAMS 0x0000000085300000, 0x0000000085200000| Untracked 
|  83|0x0000000085300000, 0x0000000085400000, 0x0000000085400000|100%| O|  |TAMS 0x0000000085400000, 0x0000000085300000| Untracked 
|  84|0x0000000085400000, 0x0000000085500000, 0x0000000085500000|100%| O|  |TAMS 0x0000000085500000, 0x0000000085400000| Untracked 
|  85|0x0000000085500000, 0x0000000085600000, 0x0000000085600000|100%| O|  |TAMS 0x0000000085600000, 0x0000000085500000| Untracked 
|  86|0x0000000085600000, 0x0000000085700000, 0x0000000085700000|100%| O|  |TAMS 0x0000000085700000, 0x0000000085600000| Untracked 
|  87|0x0000000085700000, 0x0000000085800000, 0x0000000085800000|100%| O|  |TAMS 0x0000000085800000, 0x0000000085700000| Untracked 
|  88|0x0000000085800000, 0x0000000085900000, 0x0000000085900000|100%| O|  |TAMS 0x0000000085900000, 0x0000000085800000| Untracked 
|  89|0x0000000085900000, 0x0000000085a00000, 0x0000000085a00000|100%| O|  |TAMS 0x0000000085a00000, 0x0000000085900000| Untracked 
|  90|0x0000000085a00000, 0x0000000085b00000, 0x0000000085b00000|100%| O|  |TAMS 0x0000000085b00000, 0x0000000085a00000| Untracked 
|  91|0x0000000085b00000, 0x0000000085c00000, 0x0000000085c00000|100%| O|  |TAMS 0x0000000085c00000, 0x0000000085b00000| Untracked 
|  92|0x0000000085c00000, 0x0000000085d00000, 0x0000000085d00000|100%| O|  |TAMS 0x0000000085d00000, 0x0000000085c00000| Untracked 
|  93|0x0000000085d00000, 0x0000000085e00000, 0x0000000085e00000|100%| O|  |TAMS 0x0000000085e00000, 0x0000000085d00000| Untracked 
|  94|0x0000000085e00000, 0x0000000085f00000, 0x0000000085f00000|100%| O|  |TAMS 0x0000000085f00000, 0x0000000085e00000| Untracked 
|  95|0x0000000085f00000, 0x0000000086000000, 0x0000000086000000|100%| O|  |TAMS 0x0000000086000000, 0x0000000085f00000| Untracked 
|  96|0x0000000086000000, 0x0000000086100000, 0x0000000086100000|100%| O|  |TAMS 0x0000000086100000, 0x0000000086000000| Untracked 
|  97|0x0000000086100000, 0x0000000086200000, 0x0000000086200000|100%| O|  |TAMS 0x0000000086200000, 0x0000000086100000| Untracked 
|  98|0x0000000086200000, 0x0000000086300000, 0x0000000086300000|100%| O|  |TAMS 0x0000000086300000, 0x0000000086200000| Untracked 
|  99|0x0000000086300000, 0x0000000086400000, 0x0000000086400000|100%| O|  |TAMS 0x0000000086400000, 0x0000000086300000| Untracked 
| 100|0x0000000086400000, 0x0000000086500000, 0x0000000086500000|100%| O|  |TAMS 0x0000000086500000, 0x0000000086400000| Untracked 
| 101|0x0000000086500000, 0x0000000086600000, 0x0000000086600000|100%| O|  |TAMS 0x0000000086600000, 0x0000000086500000| Untracked 
| 102|0x0000000086600000, 0x0000000086700000, 0x0000000086700000|100%| O|  |TAMS 0x0000000086700000, 0x0000000086600000| Untracked 
| 103|0x0000000086700000, 0x0000000086800000, 0x0000000086800000|100%| O|  |TAMS 0x0000000086800000, 0x0000000086700000| Untracked 
| 104|0x0000000086800000, 0x0000000086900000, 0x0000000086900000|100%| O|  |TAMS 0x0000000086900000, 0x0000000086800000| Untracked 
| 105|0x0000000086900000, 0x0000000086a00000, 0x0000000086a00000|100%| O|  |TAMS 0x0000000086a00000, 0x0000000086900000| Untracked 
| 106|0x0000000086a00000, 0x0000000086b00000, 0x0000000086b00000|100%| O|  |TAMS 0x0000000086b00000, 0x0000000086a00000| Untracked 
| 107|0x0000000086b00000, 0x0000000086c00000, 0x0000000086c00000|100%| O|  |TAMS 0x0000000086c00000, 0x0000000086b00000| Untracked 
| 108|0x0000000086c00000, 0x0000000086d00000, 0x0000000086d00000|100%| O|  |TAMS 0x0000000086c00000, 0x0000000086c00000| Untracked 
| 109|0x0000000086d00000, 0x0000000086e00000, 0x0000000086e00000|100%| O|  |TAMS 0x0000000086e00000, 0x0000000086d00000| Untracked 
| 110|0x0000000086e00000, 0x0000000086f00000, 0x0000000086f00000|100%| O|  |TAMS 0x0000000086f00000, 0x0000000086e00000| Untracked 
| 111|0x0000000086f00000, 0x0000000087000000, 0x0000000087000000|100%| O|  |TAMS 0x0000000087000000, 0x0000000086f00000| Untracked 
| 112|0x0000000087000000, 0x0000000087100000, 0x0000000087100000|100%| O|  |TAMS 0x0000000087100000, 0x0000000087000000| Untracked 
| 113|0x0000000087100000, 0x0000000087200000, 0x0000000087200000|100%| O|  |TAMS 0x0000000087200000, 0x0000000087100000| Untracked 
| 114|0x0000000087200000, 0x0000000087300000, 0x0000000087300000|100%| O|  |TAMS 0x0000000087286200, 0x0000000087200000| Untracked 
| 115|0x0000000087300000, 0x0000000087400000, 0x0000000087400000|100%| O|  |TAMS 0x0000000087400000, 0x0000000087300000| Untracked 
| 116|0x0000000087400000, 0x0000000087500000, 0x0000000087500000|100%| O|  |TAMS 0x0000000087500000, 0x0000000087400000| Untracked 
| 117|0x0000000087500000, 0x0000000087600000, 0x0000000087600000|100%| O|  |TAMS 0x0000000087500000, 0x0000000087500000| Untracked 
| 118|0x0000000087600000, 0x0000000087700000, 0x0000000087700000|100%| O|  |TAMS 0x0000000087600000, 0x0000000087600000| Untracked 
| 119|0x0000000087700000, 0x0000000087800000, 0x0000000087800000|100%| O|  |TAMS 0x0000000087700000, 0x0000000087700000| Untracked 
| 120|0x0000000087800000, 0x0000000087900000, 0x0000000087900000|100%| O|  |TAMS 0x0000000087800000, 0x0000000087800000| Untracked 
| 121|0x0000000087900000, 0x0000000087a00000, 0x0000000087a00000|100%| O|  |TAMS 0x0000000087900000, 0x0000000087900000| Untracked 
| 122|0x0000000087a00000, 0x0000000087aaf600, 0x0000000087b00000| 68%| O|  |TAMS 0x0000000087a00000, 0x0000000087a00000| Untracked 
| 123|0x0000000087b00000, 0x0000000087b00000, 0x0000000087c00000|  0%| F|  |TAMS 0x0000000087b00000, 0x0000000087b00000| Untracked 
| 124|0x0000000087c00000, 0x0000000087c00000, 0x0000000087d00000|  0%| F|  |TAMS 0x0000000087c00000, 0x0000000087c00000| Untracked 
| 125|0x0000000087d00000, 0x0000000087d00000, 0x0000000087e00000|  0%| F|  |TAMS 0x0000000087d00000, 0x0000000087d00000| Untracked 
| 126|0x0000000087e00000, 0x0000000087e00000, 0x0000000087f00000|  0%| F|  |TAMS 0x0000000087e00000, 0x0000000087e00000| Untracked 
| 127|0x0000000087f00000, 0x0000000087f00000, 0x0000000088000000|  0%| F|  |TAMS 0x0000000087f00000, 0x0000000087f00000| Untracked 
| 128|0x0000000088000000, 0x0000000088000000, 0x0000000088100000|  0%| F|  |TAMS 0x0000000088000000, 0x0000000088000000| Untracked 
| 129|0x0000000088100000, 0x0000000088100000, 0x0000000088200000|  0%| F|  |TAMS 0x0000000088100000, 0x0000000088100000| Untracked 
| 130|0x0000000088200000, 0x0000000088200000, 0x0000000088300000|  0%| F|  |TAMS 0x0000000088200000, 0x0000000088200000| Untracked 
| 131|0x0000000088300000, 0x0000000088400000, 0x0000000088400000|100%| O|  |TAMS 0x0000000088300000, 0x0000000088300000| Untracked 
| 132|0x0000000088400000, 0x0000000088400000, 0x0000000088500000|  0%| F|  |TAMS 0x0000000088400000, 0x0000000088400000| Untracked 
| 133|0x0000000088500000, 0x0000000088500000, 0x0000000088600000|  0%| F|  |TAMS 0x0000000088500000, 0x0000000088500000| Untracked 
| 134|0x0000000088600000, 0x0000000088600000, 0x0000000088700000|  0%| F|  |TAMS 0x0000000088600000, 0x0000000088600000| Untracked 
| 135|0x0000000088700000, 0x0000000088700000, 0x0000000088800000|  0%| F|  |TAMS 0x0000000088700000, 0x0000000088700000| Untracked 
| 136|0x0000000088800000, 0x0000000088800000, 0x0000000088900000|  0%| F|  |TAMS 0x0000000088800000, 0x0000000088800000| Untracked 
| 137|0x0000000088900000, 0x0000000088900000, 0x0000000088a00000|  0%| F|  |TAMS 0x0000000088900000, 0x0000000088900000| Untracked 
| 138|0x0000000088a00000, 0x0000000088a00000, 0x0000000088b00000|  0%| F|  |TAMS 0x0000000088a00000, 0x0000000088a00000| Untracked 
| 139|0x0000000088b00000, 0x0000000088b00000, 0x0000000088c00000|  0%| F|  |TAMS 0x0000000088b00000, 0x0000000088b00000| Untracked 
| 140|0x0000000088c00000, 0x0000000088c00000, 0x0000000088d00000|  0%| F|  |TAMS 0x0000000088c00000, 0x0000000088c00000| Untracked 
| 141|0x0000000088d00000, 0x0000000088d00000, 0x0000000088e00000|  0%| F|  |TAMS 0x0000000088d00000, 0x0000000088d00000| Untracked 
| 142|0x0000000088e00000, 0x0000000088e00000, 0x0000000088f00000|  0%| F|  |TAMS 0x0000000088e00000, 0x0000000088e00000| Untracked 
| 143|0x0000000088f00000, 0x0000000088f00000, 0x0000000089000000|  0%| F|  |TAMS 0x0000000088f00000, 0x0000000088f00000| Untracked 
| 144|0x0000000089000000, 0x0000000089000000, 0x0000000089100000|  0%| F|  |TAMS 0x0000000089000000, 0x0000000089000000| Untracked 
| 145|0x0000000089100000, 0x0000000089100000, 0x0000000089200000|  0%| F|  |TAMS 0x0000000089100000, 0x0000000089100000| Untracked 
| 146|0x0000000089200000, 0x0000000089200000, 0x0000000089300000|  0%| F|  |TAMS 0x0000000089200000, 0x0000000089200000| Untracked 
| 147|0x0000000089300000, 0x0000000089300000, 0x0000000089400000|  0%| F|  |TAMS 0x0000000089300000, 0x0000000089300000| Untracked 
| 148|0x0000000089400000, 0x0000000089400000, 0x0000000089500000|  0%| F|  |TAMS 0x0000000089400000, 0x0000000089400000| Untracked 
| 149|0x0000000089500000, 0x0000000089500000, 0x0000000089600000|  0%| F|  |TAMS 0x0000000089500000, 0x0000000089500000| Untracked 
| 150|0x0000000089600000, 0x0000000089600000, 0x0000000089700000|  0%| F|  |TAMS 0x0000000089600000, 0x0000000089600000| Untracked 
| 151|0x0000000089700000, 0x0000000089700000, 0x0000000089800000|  0%| F|  |TAMS 0x0000000089700000, 0x0000000089700000| Untracked 
| 152|0x0000000089800000, 0x0000000089800000, 0x0000000089900000|  0%| F|  |TAMS 0x0000000089800000, 0x0000000089800000| Untracked 
| 153|0x0000000089900000, 0x0000000089900000, 0x0000000089a00000|  0%| F|  |TAMS 0x0000000089900000, 0x0000000089900000| Untracked 
| 154|0x0000000089a00000, 0x0000000089a00000, 0x0000000089b00000|  0%| F|  |TAMS 0x0000000089a00000, 0x0000000089a00000| Untracked 
| 155|0x0000000089b00000, 0x0000000089b00000, 0x0000000089c00000|  0%| F|  |TAMS 0x0000000089b00000, 0x0000000089b00000| Untracked 
| 156|0x0000000089c00000, 0x0000000089c00000, 0x0000000089d00000|  0%| F|  |TAMS 0x0000000089c00000, 0x0000000089c00000| Untracked 
| 157|0x0000000089d00000, 0x0000000089d00000, 0x0000000089e00000|  0%| F|  |TAMS 0x0000000089d00000, 0x0000000089d00000| Untracked 
| 158|0x0000000089e00000, 0x0000000089e00000, 0x0000000089f00000|  0%| F|  |TAMS 0x0000000089e00000, 0x0000000089e00000| Untracked 
| 159|0x0000000089f00000, 0x0000000089f00000, 0x000000008a000000|  0%| F|  |TAMS 0x0000000089f00000, 0x0000000089f00000| Untracked 
| 160|0x000000008a000000, 0x000000008a000000, 0x000000008a100000|  0%| F|  |TAMS 0x000000008a000000, 0x000000008a000000| Untracked 
| 161|0x000000008a100000, 0x000000008a100000, 0x000000008a200000|  0%| F|  |TAMS 0x000000008a100000, 0x000000008a100000| Untracked 
| 162|0x000000008a200000, 0x000000008a29f098, 0x000000008a300000| 62%| S|CS|TAMS 0x000000008a200000, 0x000000008a200000| Complete 
| 163|0x000000008a300000, 0x000000008a300000, 0x000000008a400000|  0%| F|  |TAMS 0x000000008a300000, 0x000000008a300000| Untracked 
| 164|0x000000008a400000, 0x000000008a400000, 0x000000008a500000|  0%| F|  |TAMS 0x000000008a400000, 0x000000008a400000| Untracked 
| 165|0x000000008a500000, 0x000000008a500000, 0x000000008a600000|  0%| F|  |TAMS 0x000000008a500000, 0x000000008a500000| Untracked 
| 166|0x000000008a600000, 0x000000008a600000, 0x000000008a700000|  0%| F|  |TAMS 0x000000008a600000, 0x000000008a600000| Untracked 
| 167|0x000000008a700000, 0x000000008a700000, 0x000000008a800000|  0%| F|  |TAMS 0x000000008a700000, 0x000000008a700000| Untracked 
| 168|0x000000008a800000, 0x000000008a800000, 0x000000008a900000|  0%| F|  |TAMS 0x000000008a800000, 0x000000008a800000| Untracked 
| 169|0x000000008a900000, 0x000000008a900000, 0x000000008aa00000|  0%| F|  |TAMS 0x000000008a900000, 0x000000008a900000| Untracked 
| 170|0x000000008aa00000, 0x000000008aa00000, 0x000000008ab00000|  0%| F|  |TAMS 0x000000008aa00000, 0x000000008aa00000| Untracked 
| 171|0x000000008ab00000, 0x000000008ab00000, 0x000000008ac00000|  0%| F|  |TAMS 0x000000008ab00000, 0x000000008ab00000| Untracked 
| 172|0x000000008ac00000, 0x000000008ac00000, 0x000000008ad00000|  0%| F|  |TAMS 0x000000008ac00000, 0x000000008ac00000| Untracked 
| 173|0x000000008ad00000, 0x000000008ad00000, 0x000000008ae00000|  0%| F|  |TAMS 0x000000008ad00000, 0x000000008ad00000| Untracked 
| 174|0x000000008ae00000, 0x000000008ae00000, 0x000000008af00000|  0%| F|  |TAMS 0x000000008ae00000, 0x000000008ae00000| Untracked 
| 175|0x000000008af00000, 0x000000008af00000, 0x000000008b000000|  0%| F|  |TAMS 0x000000008af00000, 0x000000008af00000| Untracked 
| 176|0x000000008b000000, 0x000000008b000000, 0x000000008b100000|  0%| F|  |TAMS 0x000000008b000000, 0x000000008b000000| Untracked 
| 177|0x000000008b100000, 0x000000008b100000, 0x000000008b200000|  0%| F|  |TAMS 0x000000008b100000, 0x000000008b100000| Untracked 
| 178|0x000000008b200000, 0x000000008b200000, 0x000000008b300000|  0%| F|  |TAMS 0x000000008b200000, 0x000000008b200000| Untracked 
| 179|0x000000008b300000, 0x000000008b300000, 0x000000008b400000|  0%| F|  |TAMS 0x000000008b300000, 0x000000008b300000| Untracked 
| 180|0x000000008b400000, 0x000000008b400000, 0x000000008b500000|  0%| F|  |TAMS 0x000000008b400000, 0x000000008b400000| Untracked 
| 181|0x000000008b500000, 0x000000008b500000, 0x000000008b600000|  0%| F|  |TAMS 0x000000008b500000, 0x000000008b500000| Untracked 
| 182|0x000000008b600000, 0x000000008b600000, 0x000000008b700000|  0%| F|  |TAMS 0x000000008b600000, 0x000000008b600000| Untracked 
| 183|0x000000008b700000, 0x000000008b700000, 0x000000008b800000|  0%| F|  |TAMS 0x000000008b700000, 0x000000008b700000| Untracked 
| 184|0x000000008b800000, 0x000000008b800000, 0x000000008b900000|  0%| F|  |TAMS 0x000000008b800000, 0x000000008b800000| Untracked 
| 185|0x000000008b900000, 0x000000008b900000, 0x000000008ba00000|  0%| F|  |TAMS 0x000000008b900000, 0x000000008b900000| Untracked 
| 186|0x000000008ba00000, 0x000000008ba00000, 0x000000008bb00000|  0%| F|  |TAMS 0x000000008ba00000, 0x000000008ba00000| Untracked 
| 187|0x000000008bb00000, 0x000000008bb00000, 0x000000008bc00000|  0%| F|  |TAMS 0x000000008bb00000, 0x000000008bb00000| Untracked 
| 188|0x000000008bc00000, 0x000000008bc00000, 0x000000008bd00000|  0%| F|  |TAMS 0x000000008bc00000, 0x000000008bc00000| Untracked 
| 189|0x000000008bd00000, 0x000000008bd00000, 0x000000008be00000|  0%| F|  |TAMS 0x000000008bd00000, 0x000000008bd00000| Untracked 
| 190|0x000000008be00000, 0x000000008be00000, 0x000000008bf00000|  0%| F|  |TAMS 0x000000008be00000, 0x000000008be00000| Untracked 
| 191|0x000000008bf00000, 0x000000008bf00000, 0x000000008c000000|  0%| F|  |TAMS 0x000000008bf00000, 0x000000008bf00000| Untracked 
| 192|0x000000008c000000, 0x000000008c000000, 0x000000008c100000|  0%| F|  |TAMS 0x000000008c000000, 0x000000008c000000| Untracked 
| 193|0x000000008c100000, 0x000000008c100000, 0x000000008c200000|  0%| F|  |TAMS 0x000000008c100000, 0x000000008c100000| Untracked 
| 194|0x000000008c200000, 0x000000008c200000, 0x000000008c300000|  0%| F|  |TAMS 0x000000008c200000, 0x000000008c200000| Untracked 
| 195|0x000000008c300000, 0x000000008c300000, 0x000000008c400000|  0%| F|  |TAMS 0x000000008c300000, 0x000000008c300000| Untracked 
| 196|0x000000008c400000, 0x000000008c400000, 0x000000008c500000|  0%| F|  |TAMS 0x000000008c400000, 0x000000008c400000| Untracked 
| 197|0x000000008c500000, 0x000000008c500000, 0x000000008c600000|  0%| F|  |TAMS 0x000000008c500000, 0x000000008c500000| Untracked 
| 198|0x000000008c600000, 0x000000008c600000, 0x000000008c700000|  0%| F|  |TAMS 0x000000008c600000, 0x000000008c600000| Untracked 
| 199|0x000000008c700000, 0x000000008c700000, 0x000000008c800000|  0%| F|  |TAMS 0x000000008c700000, 0x000000008c700000| Untracked 
| 200|0x000000008c800000, 0x000000008c800000, 0x000000008c900000|  0%| F|  |TAMS 0x000000008c800000, 0x000000008c800000| Untracked 
| 201|0x000000008c900000, 0x000000008c900000, 0x000000008ca00000|  0%| F|  |TAMS 0x000000008c900000, 0x000000008c900000| Untracked 
| 202|0x000000008ca00000, 0x000000008ca00000, 0x000000008cb00000|  0%| F|  |TAMS 0x000000008ca00000, 0x000000008ca00000| Untracked 
| 203|0x000000008cb00000, 0x000000008cb00000, 0x000000008cc00000|  0%| F|  |TAMS 0x000000008cb00000, 0x000000008cb00000| Untracked 
| 204|0x000000008cc00000, 0x000000008cc00000, 0x000000008cd00000|  0%| F|  |TAMS 0x000000008cc00000, 0x000000008cc00000| Untracked 
| 205|0x000000008cd00000, 0x000000008cd00000, 0x000000008ce00000|  0%| F|  |TAMS 0x000000008cd00000, 0x000000008cd00000| Untracked 
| 206|0x000000008ce00000, 0x000000008ce00000, 0x000000008cf00000|  0%| F|  |TAMS 0x000000008ce00000, 0x000000008ce00000| Untracked 
| 207|0x000000008cf00000, 0x000000008cf00000, 0x000000008d000000|  0%| F|  |TAMS 0x000000008cf00000, 0x000000008cf00000| Untracked 
| 208|0x000000008d000000, 0x000000008d000000, 0x000000008d100000|  0%| F|  |TAMS 0x000000008d000000, 0x000000008d000000| Untracked 
| 209|0x000000008d100000, 0x000000008d100000, 0x000000008d200000|  0%| F|  |TAMS 0x000000008d100000, 0x000000008d100000| Untracked 
| 210|0x000000008d200000, 0x000000008d200000, 0x000000008d300000|  0%| F|  |TAMS 0x000000008d200000, 0x000000008d200000| Untracked 
| 211|0x000000008d300000, 0x000000008d300000, 0x000000008d400000|  0%| F|  |TAMS 0x000000008d300000, 0x000000008d300000| Untracked 
| 212|0x000000008d400000, 0x000000008d400000, 0x000000008d500000|  0%| F|  |TAMS 0x000000008d400000, 0x000000008d400000| Untracked 
| 213|0x000000008d500000, 0x000000008d500000, 0x000000008d600000|  0%| F|  |TAMS 0x000000008d500000, 0x000000008d500000| Untracked 
| 214|0x000000008d600000, 0x000000008d600000, 0x000000008d700000|  0%| F|  |TAMS 0x000000008d600000, 0x000000008d600000| Untracked 
| 215|0x000000008d700000, 0x000000008d700000, 0x000000008d800000|  0%| F|  |TAMS 0x000000008d700000, 0x000000008d700000| Untracked 
| 216|0x000000008d800000, 0x000000008d800000, 0x000000008d900000|  0%| F|  |TAMS 0x000000008d800000, 0x000000008d800000| Untracked 
| 217|0x000000008d900000, 0x000000008d900000, 0x000000008da00000|  0%| F|  |TAMS 0x000000008d900000, 0x000000008d900000| Untracked 
| 218|0x000000008da00000, 0x000000008da00000, 0x000000008db00000|  0%| F|  |TAMS 0x000000008da00000, 0x000000008da00000| Untracked 
| 219|0x000000008db00000, 0x000000008db00000, 0x000000008dc00000|  0%| F|  |TAMS 0x000000008db00000, 0x000000008db00000| Untracked 
| 220|0x000000008dc00000, 0x000000008dc00000, 0x000000008dd00000|  0%| F|  |TAMS 0x000000008dc00000, 0x000000008dc00000| Untracked 
| 221|0x000000008dd00000, 0x000000008dd00000, 0x000000008de00000|  0%| F|  |TAMS 0x000000008dd00000, 0x000000008dd00000| Untracked 
| 222|0x000000008de00000, 0x000000008de00000, 0x000000008df00000|  0%| F|  |TAMS 0x000000008de00000, 0x000000008de00000| Untracked 
| 223|0x000000008df00000, 0x000000008df00000, 0x000000008e000000|  0%| F|  |TAMS 0x000000008df00000, 0x000000008df00000| Untracked 
| 224|0x000000008e000000, 0x000000008e000000, 0x000000008e100000|  0%| F|  |TAMS 0x000000008e000000, 0x000000008e000000| Untracked 
| 225|0x000000008e100000, 0x000000008e100000, 0x000000008e200000|  0%| F|  |TAMS 0x000000008e100000, 0x000000008e100000| Untracked 
| 226|0x000000008e200000, 0x000000008e200000, 0x000000008e300000|  0%| F|  |TAMS 0x000000008e200000, 0x000000008e200000| Untracked 
| 227|0x000000008e300000, 0x000000008e300000, 0x000000008e400000|  0%| F|  |TAMS 0x000000008e300000, 0x000000008e300000| Untracked 
| 228|0x000000008e400000, 0x000000008e400000, 0x000000008e500000|  0%| F|  |TAMS 0x000000008e400000, 0x000000008e400000| Untracked 
| 229|0x000000008e500000, 0x000000008e500000, 0x000000008e600000|  0%| F|  |TAMS 0x000000008e500000, 0x000000008e500000| Untracked 
| 230|0x000000008e600000, 0x000000008e600000, 0x000000008e700000|  0%| F|  |TAMS 0x000000008e600000, 0x000000008e600000| Untracked 
| 231|0x000000008e700000, 0x000000008e700000, 0x000000008e800000|  0%| F|  |TAMS 0x000000008e700000, 0x000000008e700000| Untracked 
| 232|0x000000008e800000, 0x000000008e800000, 0x000000008e900000|  0%| F|  |TAMS 0x000000008e800000, 0x000000008e800000| Untracked 
| 233|0x000000008e900000, 0x000000008e900000, 0x000000008ea00000|  0%| F|  |TAMS 0x000000008e900000, 0x000000008e900000| Untracked 
| 234|0x000000008ea00000, 0x000000008ea00000, 0x000000008eb00000|  0%| F|  |TAMS 0x000000008ea00000, 0x000000008ea00000| Untracked 
| 235|0x000000008eb00000, 0x000000008eb00000, 0x000000008ec00000|  0%| F|  |TAMS 0x000000008eb00000, 0x000000008eb00000| Untracked 
| 236|0x000000008ec00000, 0x000000008ec00000, 0x000000008ed00000|  0%| F|  |TAMS 0x000000008ec00000, 0x000000008ec00000| Untracked 
| 237|0x000000008ed00000, 0x000000008ed00000, 0x000000008ee00000|  0%| F|  |TAMS 0x000000008ed00000, 0x000000008ed00000| Untracked 
| 238|0x000000008ee00000, 0x000000008ee00000, 0x000000008ef00000|  0%| F|  |TAMS 0x000000008ee00000, 0x000000008ee00000| Untracked 
| 239|0x000000008ef00000, 0x000000008ef00000, 0x000000008f000000|  0%| F|  |TAMS 0x000000008ef00000, 0x000000008ef00000| Untracked 
| 240|0x000000008f000000, 0x000000008f089510, 0x000000008f100000| 53%| E|  |TAMS 0x000000008f000000, 0x000000008f000000| Complete 
| 241|0x000000008f100000, 0x000000008f200000, 0x000000008f200000|100%| E|CS|TAMS 0x000000008f100000, 0x000000008f100000| Complete 
| 242|0x000000008f200000, 0x000000008f300000, 0x000000008f300000|100%| E|  |TAMS 0x000000008f200000, 0x000000008f200000| Complete 
| 243|0x000000008f300000, 0x000000008f400000, 0x000000008f400000|100%| E|CS|TAMS 0x000000008f300000, 0x000000008f300000| Complete 
| 244|0x000000008f400000, 0x000000008f500000, 0x000000008f500000|100%| E|CS|TAMS 0x000000008f400000, 0x000000008f400000| Complete 
| 245|0x000000008f500000, 0x000000008f600000, 0x000000008f600000|100%| E|CS|TAMS 0x000000008f500000, 0x000000008f500000| Complete 
| 246|0x000000008f600000, 0x000000008f700000, 0x000000008f700000|100%| E|CS|TAMS 0x000000008f600000, 0x000000008f600000| Complete 
| 247|0x000000008f700000, 0x000000008f800000, 0x000000008f800000|100%| E|CS|TAMS 0x000000008f700000, 0x000000008f700000| Complete 
| 248|0x000000008f800000, 0x000000008f900000, 0x000000008f900000|100%| E|CS|TAMS 0x000000008f800000, 0x000000008f800000| Complete 
| 249|0x000000008f900000, 0x000000008fa00000, 0x000000008fa00000|100%| E|CS|TAMS 0x000000008f900000, 0x000000008f900000| Complete 
| 250|0x000000008fa00000, 0x000000008fb00000, 0x000000008fb00000|100%| E|CS|TAMS 0x000000008fa00000, 0x000000008fa00000| Complete 
| 251|0x000000008fb00000, 0x000000008fc00000, 0x000000008fc00000|100%| E|CS|TAMS 0x000000008fb00000, 0x000000008fb00000| Complete 
| 252|0x000000008fc00000, 0x000000008fd00000, 0x000000008fd00000|100%| E|CS|TAMS 0x000000008fc00000, 0x000000008fc00000| Complete 
| 253|0x000000008fd00000, 0x000000008fe00000, 0x000000008fe00000|100%| E|CS|TAMS 0x000000008fd00000, 0x000000008fd00000| Complete 
| 254|0x000000008fe00000, 0x000000008ff00000, 0x000000008ff00000|100%| E|CS|TAMS 0x000000008fe00000, 0x000000008fe00000| Complete 
| 255|0x000000008ff00000, 0x0000000090000000, 0x0000000090000000|100%| E|CS|TAMS 0x000000008ff00000, 0x000000008ff00000| Complete 
| 256|0x0000000090000000, 0x0000000090100000, 0x0000000090100000|100%| E|CS|TAMS 0x0000000090000000, 0x0000000090000000| Complete 
| 257|0x0000000090100000, 0x0000000090200000, 0x0000000090200000|100%| E|CS|TAMS 0x0000000090100000, 0x0000000090100000| Complete 
| 258|0x0000000090200000, 0x0000000090300000, 0x0000000090300000|100%| E|CS|TAMS 0x0000000090200000, 0x0000000090200000| Complete 
| 259|0x0000000090300000, 0x0000000090400000, 0x0000000090400000|100%| E|CS|TAMS 0x0000000090300000, 0x0000000090300000| Complete 
| 260|0x0000000090400000, 0x0000000090500000, 0x0000000090500000|100%| E|CS|TAMS 0x0000000090400000, 0x0000000090400000| Complete 
| 261|0x0000000090500000, 0x0000000090600000, 0x0000000090600000|100%| E|CS|TAMS 0x0000000090500000, 0x0000000090500000| Complete 
| 262|0x0000000090600000, 0x0000000090700000, 0x0000000090700000|100%| E|CS|TAMS 0x0000000090600000, 0x0000000090600000| Complete 
| 263|0x0000000090700000, 0x0000000090800000, 0x0000000090800000|100%| E|CS|TAMS 0x0000000090700000, 0x0000000090700000| Complete 
| 264|0x0000000090800000, 0x0000000090900000, 0x0000000090900000|100%| E|CS|TAMS 0x0000000090800000, 0x0000000090800000| Complete 
| 265|0x0000000090900000, 0x0000000090a00000, 0x0000000090a00000|100%| E|CS|TAMS 0x0000000090900000, 0x0000000090900000| Complete 
| 266|0x0000000090a00000, 0x0000000090b00000, 0x0000000090b00000|100%| E|CS|TAMS 0x0000000090a00000, 0x0000000090a00000| Complete 
| 267|0x0000000090b00000, 0x0000000090c00000, 0x0000000090c00000|100%| E|CS|TAMS 0x0000000090b00000, 0x0000000090b00000| Complete 
| 268|0x0000000090c00000, 0x0000000090d00000, 0x0000000090d00000|100%| E|CS|TAMS 0x0000000090c00000, 0x0000000090c00000| Complete 
| 269|0x0000000090d00000, 0x0000000090e00000, 0x0000000090e00000|100%| E|CS|TAMS 0x0000000090d00000, 0x0000000090d00000| Complete 
| 270|0x0000000090e00000, 0x0000000090f00000, 0x0000000090f00000|100%| E|CS|TAMS 0x0000000090e00000, 0x0000000090e00000| Complete 
| 271|0x0000000090f00000, 0x0000000091000000, 0x0000000091000000|100%| E|CS|TAMS 0x0000000090f00000, 0x0000000090f00000| Complete 
| 272|0x0000000091000000, 0x0000000091100000, 0x0000000091100000|100%| E|CS|TAMS 0x0000000091000000, 0x0000000091000000| Complete 
| 273|0x0000000091100000, 0x0000000091200000, 0x0000000091200000|100%| E|CS|TAMS 0x0000000091100000, 0x0000000091100000| Complete 
| 274|0x0000000091200000, 0x0000000091300000, 0x0000000091300000|100%| E|CS|TAMS 0x0000000091200000, 0x0000000091200000| Complete 
| 275|0x0000000091300000, 0x0000000091400000, 0x0000000091400000|100%| E|CS|TAMS 0x0000000091300000, 0x0000000091300000| Complete 
| 276|0x0000000091400000, 0x0000000091500000, 0x0000000091500000|100%| E|CS|TAMS 0x0000000091400000, 0x0000000091400000| Complete 
| 277|0x0000000091500000, 0x0000000091600000, 0x0000000091600000|100%| E|CS|TAMS 0x0000000091500000, 0x0000000091500000| Complete 
| 278|0x0000000091600000, 0x0000000091700000, 0x0000000091700000|100%| E|CS|TAMS 0x0000000091600000, 0x0000000091600000| Complete 
| 279|0x0000000091700000, 0x0000000091800000, 0x0000000091800000|100%| E|CS|TAMS 0x0000000091700000, 0x0000000091700000| Complete 
| 280|0x0000000091800000, 0x0000000091900000, 0x0000000091900000|100%| E|CS|TAMS 0x0000000091800000, 0x0000000091800000| Complete 
| 281|0x0000000091900000, 0x0000000091a00000, 0x0000000091a00000|100%| E|CS|TAMS 0x0000000091900000, 0x0000000091900000| Complete 
| 282|0x0000000091a00000, 0x0000000091b00000, 0x0000000091b00000|100%| E|CS|TAMS 0x0000000091a00000, 0x0000000091a00000| Complete 
| 283|0x0000000091b00000, 0x0000000091c00000, 0x0000000091c00000|100%| E|CS|TAMS 0x0000000091b00000, 0x0000000091b00000| Complete 
| 284|0x0000000091c00000, 0x0000000091d00000, 0x0000000091d00000|100%| E|CS|TAMS 0x0000000091c00000, 0x0000000091c00000| Complete 
| 285|0x0000000091d00000, 0x0000000091e00000, 0x0000000091e00000|100%| E|CS|TAMS 0x0000000091d00000, 0x0000000091d00000| Complete 
| 286|0x0000000091e00000, 0x0000000091f00000, 0x0000000091f00000|100%| E|CS|TAMS 0x0000000091e00000, 0x0000000091e00000| Complete 
| 287|0x0000000091f00000, 0x0000000092000000, 0x0000000092000000|100%| E|CS|TAMS 0x0000000091f00000, 0x0000000091f00000| Complete 
| 288|0x0000000092000000, 0x0000000092100000, 0x0000000092100000|100%| E|CS|TAMS 0x0000000092000000, 0x0000000092000000| Complete 
| 289|0x0000000092100000, 0x0000000092200000, 0x0000000092200000|100%| E|CS|TAMS 0x0000000092100000, 0x0000000092100000| Complete 
| 290|0x0000000092200000, 0x0000000092300000, 0x0000000092300000|100%| E|CS|TAMS 0x0000000092200000, 0x0000000092200000| Complete 
| 291|0x0000000092300000, 0x0000000092400000, 0x0000000092400000|100%| E|CS|TAMS 0x0000000092300000, 0x0000000092300000| Complete 
| 292|0x0000000092400000, 0x0000000092500000, 0x0000000092500000|100%| E|CS|TAMS 0x0000000092400000, 0x0000000092400000| Complete 
| 293|0x0000000092500000, 0x0000000092600000, 0x0000000092600000|100%| E|CS|TAMS 0x0000000092500000, 0x0000000092500000| Complete 
| 294|0x0000000092600000, 0x0000000092700000, 0x0000000092700000|100%| E|CS|TAMS 0x0000000092600000, 0x0000000092600000| Complete 
| 295|0x0000000092700000, 0x0000000092800000, 0x0000000092800000|100%| E|CS|TAMS 0x0000000092700000, 0x0000000092700000| Complete 
| 296|0x0000000092800000, 0x0000000092900000, 0x0000000092900000|100%| E|CS|TAMS 0x0000000092800000, 0x0000000092800000| Complete 
| 297|0x0000000092900000, 0x0000000092a00000, 0x0000000092a00000|100%| E|CS|TAMS 0x0000000092900000, 0x0000000092900000| Complete 
| 298|0x0000000092a00000, 0x0000000092b00000, 0x0000000092b00000|100%| E|CS|TAMS 0x0000000092a00000, 0x0000000092a00000| Complete 
| 299|0x0000000092b00000, 0x0000000092c00000, 0x0000000092c00000|100%| E|CS|TAMS 0x0000000092b00000, 0x0000000092b00000| Complete 
| 300|0x0000000092c00000, 0x0000000092d00000, 0x0000000092d00000|100%| E|CS|TAMS 0x0000000092c00000, 0x0000000092c00000| Complete 
| 301|0x0000000092d00000, 0x0000000092e00000, 0x0000000092e00000|100%| E|CS|TAMS 0x0000000092d00000, 0x0000000092d00000| Complete 
| 302|0x0000000092e00000, 0x0000000092f00000, 0x0000000092f00000|100%| E|CS|TAMS 0x0000000092e00000, 0x0000000092e00000| Complete 
| 303|0x0000000092f00000, 0x0000000093000000, 0x0000000093000000|100%| E|CS|TAMS 0x0000000092f00000, 0x0000000092f00000| Complete 

Card table byte_map: [0x000001dd7b9d0000,0x000001dd7bdd0000] _byte_map_base: 0x000001dd7b5d0000

Marking Bits (Prev, Next): (CMBitMap*) 0x000001dd687ef278, (CMBitMap*) 0x000001dd687ef2b0
 Prev Bits: [0x000001dd7c1d0000, 0x000001dd7e1d0000)
 Next Bits: [0x000001dd00000000, 0x000001dd02000000)

Polling page: 0x000001dd66730000

Metaspace:

Usage:
  Non-class:    102.66 MB capacity,   101.02 MB ( 98%) used,     1.33 MB (  1%) free+waste,   311.88 KB ( <1%) overhead. 
      Class:     15.38 MB capacity,    14.45 MB ( 94%) used,   818.38 KB (  5%) free+waste,   138.38 KB ( <1%) overhead. 
       Both:    118.04 MB capacity,   115.47 MB ( 98%) used,     2.13 MB (  2%) free+waste,   450.25 KB ( <1%) overhead. 

Virtual space:
  Non-class space:      104.00 MB reserved,     102.90 MB ( 99%) committed 
      Class space:        1.00 GB reserved,      15.50 MB (  2%) committed 
             Both:        1.10 GB reserved,     118.40 MB ( 10%) committed 

Chunk freelists:
   Non-Class:  246.00 KB
       Class:  90.00 KB
        Both:  336.00 KB

MaxMetaspaceSize: 17179869184.00 GB
CompressedClassSpaceSize: 1.00 GB

CodeHeap 'non-profiled nmethods': size=120000Kb used=10419Kb max_used=10419Kb free=109581Kb
 bounds [0x000001dd73d70000, 0x000001dd747a0000, 0x000001dd7b2a0000]
CodeHeap 'profiled nmethods': size=120000Kb used=35764Kb max_used=35764Kb free=84235Kb
 bounds [0x000001dd6c840000, 0x000001dd6eb30000, 0x000001dd73d70000]
CodeHeap 'non-nmethods': size=5760Kb used=2357Kb max_used=2423Kb free=3402Kb
 bounds [0x000001dd6c2a0000, 0x000001dd6c510000, 0x000001dd6c840000]
 total_blobs=16951 nmethods=15965 adapters=897
 compilation: enabled
              stopped_count=0, restarted_count=0
 full_count=0

Compilation events (20 events):
Event: 2460.002 Thread 0x000001dd7ec2e000 16154       3       org.gradle.execution.plan.ValuedVfsHierarchy$2::<init> (20 bytes)
Event: 2460.003 Thread 0x000001dd7ec2e000 nmethod 16154 0x000001dd6eb0cf10 code [0x000001dd6eb0d0c0, 0x000001dd6eb0d338]
Event: 2460.003 Thread 0x000001dd7ec2e000 16155       3       org.gradle.execution.plan.ValuedVfsHierarchy::<init> (20 bytes)
Event: 2460.003 Thread 0x000001dd7ec2e000 nmethod 16155 0x000001dd6eb0d410 code [0x000001dd6eb0d5c0, 0x000001dd6eb0d838]
Event: 2460.003 Thread 0x000001dd7ec2e000 16156   !   3       sun.nio.ch.IOUtil::write (174 bytes)
Event: 2460.004 Thread 0x000001dd7ec2e000 nmethod 16156 0x000001dd6eb0d910 code [0x000001dd6eb0db80, 0x000001dd6eb0e3e8]
Event: 2460.004 Thread 0x000001dd7ec2e000 16157       3       sun.nio.ch.IOUtil::writeFromNativeBuffer (157 bytes)
Event: 2460.005 Thread 0x000001dd7ec2e000 nmethod 16157 0x000001dd6eb0e790 code [0x000001dd6eb0e9e0, 0x000001dd6eb0f328]
Event: 2460.005 Thread 0x000001dd7ec2e000 16158       3       sun.nio.ch.SocketDispatcher::write (8 bytes)
Event: 2460.005 Thread 0x000001dd7ec2e000 nmethod 16158 0x000001dd6eb0f610 code [0x000001dd6eb0f7c0, 0x000001dd6eb0f8e8]
Event: 2460.005 Thread 0x000001dd7ec2e000 16160   !   3       sun.nio.ch.SocketChannelImpl::endWrite (49 bytes)
Event: 2460.006 Thread 0x000001dd7ec2e000 nmethod 16160 0x000001dd6eb0f990 code [0x000001dd6eb0fb60, 0x000001dd6eb0ff18]
Event: 2460.006 Thread 0x000001dd7ec2e000 16161       3       org.gradle.internal.snapshot.PathUtil::getFileName (21 bytes)
Event: 2460.007 Thread 0x000001dd7ec2e000 nmethod 16161 0x000001dd6eb10090 code [0x000001dd6eb102e0, 0x000001dd6eb10ae8]
Event: 2460.015 Thread 0x000001dd7ec2e000 16162       3       org.gradle.api.internal.tasks.properties.annotations.InputFilesPropertyAnnotationHandler::getFilePropertyType (4 bytes)
Event: 2460.015 Thread 0x000001dd7ec2e000 nmethod 16162 0x000001dd6eb10e10 code [0x000001dd6eb10fc0, 0x000001dd6eb110d8]
Event: 2460.019 Thread 0x000001dd7ec2e000 16164       3       java.io.OutputStreamWriter::close (8 bytes)
Event: 2460.019 Thread 0x000001dd7ec2e000 nmethod 16164 0x000001dd6eb11190 code [0x000001dd6eb11340, 0x000001dd6eb11488]
Event: 2460.019 Thread 0x000001dd7ec2e000 16165   !   3       sun.nio.cs.StreamEncoder::close (37 bytes)
Event: 2460.020 Thread 0x000001dd7ec2e000 nmethod 16165 0x000001dd6eb11590 code [0x000001dd6eb11760, 0x000001dd6eb11ae8]

GC Heap History (20 events):
Event: 2454.374 GC heap before
{Heap before GC invocations=58 (full 0):
 garbage-first heap   total 150528K, used 128187K [0x0000000080000000, 0x0000000100000000)
  region size 1024K, 12 young (12288K), 1 survivors (1024K)
 Metaspace       used 109338K, capacity 111927K, committed 112540K, reserved 1146880K
  class space    used 13933K, capacity 14871K, committed 15104K, reserved 1048576K
}
Event: 2454.375 GC heap after
{Heap after GC invocations=59 (full 0):
 garbage-first heap   total 150528K, used 116934K [0x0000000080000000, 0x0000000100000000)
  region size 1024K, 1 young (1024K), 1 survivors (1024K)
 Metaspace       used 109338K, capacity 111927K, committed 112540K, reserved 1146880K
  class space    used 13933K, capacity 14871K, committed 15104K, reserved 1048576K
}
Event: 2454.415 GC heap before
{Heap before GC invocations=59 (full 0):
 garbage-first heap   total 150528K, used 129222K [0x0000000080000000, 0x0000000100000000)
  region size 1024K, 13 young (13312K), 1 survivors (1024K)
 Metaspace       used 109340K, capacity 111927K, committed 112540K, reserved 1146880K
  class space    used 13933K, capacity 14871K, committed 15104K, reserved 1048576K
}
Event: 2454.417 GC heap after
{Heap after GC invocations=60 (full 0):
 garbage-first heap   total 150528K, used 116902K [0x0000000080000000, 0x0000000100000000)
  region size 1024K, 1 young (1024K), 1 survivors (1024K)
 Metaspace       used 109340K, capacity 111927K, committed 112540K, reserved 1146880K
  class space    used 13933K, capacity 14871K, committed 15104K, reserved 1048576K
}
Event: 2454.464 GC heap before
{Heap before GC invocations=60 (full 0):
 garbage-first heap   total 150528K, used 129190K [0x0000000080000000, 0x0000000100000000)
  region size 1024K, 13 young (13312K), 1 survivors (1024K)
 Metaspace       used 109341K, capacity 111927K, committed 112540K, reserved 1146880K
  class space    used 13933K, capacity 14871K, committed 15104K, reserved 1048576K
}
Event: 2454.466 GC heap after
{Heap after GC invocations=61 (full 0):
 garbage-first heap   total 150528K, used 116886K [0x0000000080000000, 0x0000000100000000)
  region size 1024K, 1 young (1024K), 1 survivors (1024K)
 Metaspace       used 109341K, capacity 111927K, committed 112540K, reserved 1146880K
  class space    used 13933K, capacity 14871K, committed 15104K, reserved 1048576K
}
Event: 2454.555 GC heap before
{Heap before GC invocations=61 (full 0):
 garbage-first heap   total 150528K, used 129174K [0x0000000080000000, 0x0000000100000000)
  region size 1024K, 13 young (13312K), 1 survivors (1024K)
 Metaspace       used 109347K, capacity 111927K, committed 112540K, reserved 1146880K
  class space    used 13933K, capacity 14871K, committed 15104K, reserved 1048576K
}
Event: 2454.557 GC heap after
{Heap after GC invocations=62 (full 0):
 garbage-first heap   total 150528K, used 116876K [0x0000000080000000, 0x0000000100000000)
  region size 1024K, 1 young (1024K), 1 survivors (1024K)
 Metaspace       used 109347K, capacity 111927K, committed 112540K, reserved 1146880K
  class space    used 13933K, capacity 14871K, committed 15104K, reserved 1048576K
}
Event: 2454.813 GC heap before
{Heap before GC invocations=62 (full 0):
 garbage-first heap   total 150528K, used 126092K [0x0000000080000000, 0x0000000100000000)
  region size 1024K, 9 young (9216K), 1 survivors (1024K)
 Metaspace       used 109372K, capacity 111933K, committed 112540K, reserved 1146880K
  class space    used 13936K, capacity 14873K, committed 15104K, reserved 1048576K
}
Event: 2454.828 GC heap after
{Heap after GC invocations=63 (full 0):
 garbage-first heap   total 150528K, used 122392K [0x0000000080000000, 0x0000000100000000)
  region size 1024K, 2 young (2048K), 2 survivors (2048K)
 Metaspace       used 109372K, capacity 111933K, committed 112540K, reserved 1146880K
  class space    used 13936K, capacity 14873K, committed 15104K, reserved 1048576K
}
Event: 2455.050 GC heap before
{Heap before GC invocations=63 (full 0):
 garbage-first heap   total 150528K, used 140824K [0x0000000080000000, 0x0000000100000000)
  region size 1024K, 9 young (9216K), 2 survivors (2048K)
 Metaspace       used 109659K, capacity 112296K, committed 112796K, reserved 1146880K
  class space    used 13955K, capacity 14918K, committed 15104K, reserved 1048576K
}
Event: 2455.060 GC heap after
{Heap after GC invocations=64 (full 0):
 garbage-first heap   total 199680K, used 121526K [0x0000000080000000, 0x0000000100000000)
  region size 1024K, 1 young (1024K), 1 survivors (1024K)
 Metaspace       used 109659K, capacity 112296K, committed 112796K, reserved 1146880K
  class space    used 13955K, capacity 14918K, committed 15104K, reserved 1048576K
}
Event: 2455.397 GC heap before
{Heap before GC invocations=65 (full 0):
 garbage-first heap   total 199680K, used 151222K [0x0000000080000000, 0x0000000100000000)
  region size 1024K, 31 young (31744K), 1 survivors (1024K)
 Metaspace       used 112784K, capacity 115398K, committed 116124K, reserved 1150976K
  class space    used 14210K, capacity 15150K, committed 15360K, reserved 1048576K
}
Event: 2455.405 GC heap after
{Heap after GC invocations=66 (full 0):
 garbage-first heap   total 199680K, used 124840K [0x0000000080000000, 0x0000000100000000)
  region size 1024K, 4 young (4096K), 4 survivors (4096K)
 Metaspace       used 112784K, capacity 115398K, committed 116124K, reserved 1150976K
  class space    used 14210K, capacity 15150K, committed 15360K, reserved 1048576K
}
Event: 2455.672 GC heap before
{Heap before GC invocations=66 (full 0):
 garbage-first heap   total 199680K, used 155560K [0x0000000080000000, 0x0000000100000000)
  region size 1024K, 34 young (34816K), 4 survivors (4096K)
 Metaspace       used 113283K, capacity 115879K, committed 116380K, reserved 1150976K
  class space    used 14225K, capacity 15182K, committed 15360K, reserved 1048576K
}
Event: 2455.685 GC heap after
{Heap after GC invocations=67 (full 0):
 garbage-first heap   total 199680K, used 127504K [0x0000000080000000, 0x0000000100000000)
  region size 1024K, 3 young (3072K), 3 survivors (3072K)
 Metaspace       used 113283K, capacity 115879K, committed 116380K, reserved 1150976K
  class space    used 14225K, capacity 15182K, committed 15360K, reserved 1048576K
}
Event: 2455.934 GC heap before
{Heap before GC invocations=67 (full 0):
 garbage-first heap   total 199680K, used 158224K [0x0000000080000000, 0x0000000100000000)
  region size 1024K, 33 young (33792K), 3 survivors (3072K)
 Metaspace       used 113674K, capacity 116295K, committed 116892K, reserved 1150976K
  class space    used 14250K, capacity 15214K, committed 15360K, reserved 1048576K
}
Event: 2455.937 GC heap after
{Heap after GC invocations=68 (full 0):
 garbage-first heap   total 199680K, used 127392K [0x0000000080000000, 0x0000000100000000)
  region size 1024K, 1 young (1024K), 1 survivors (1024K)
 Metaspace       used 113674K, capacity 116295K, committed 116892K, reserved 1150976K
  class space    used 14250K, capacity 15214K, committed 15360K, reserved 1048576K
}
Event: 2457.117 GC heap before
{Heap before GC invocations=68 (full 0):
 garbage-first heap   total 199680K, used 158112K [0x0000000080000000, 0x0000000100000000)
  region size 1024K, 32 young (32768K), 1 survivors (1024K)
 Metaspace       used 115352K, capacity 117989K, committed 118556K, reserved 1153024K
  class space    used 14449K, capacity 15391K, committed 15488K, reserved 1048576K
}
Event: 2457.138 GC heap after
{Heap after GC invocations=69 (full 0):
 garbage-first heap   total 311296K, used 127289K [0x0000000080000000, 0x0000000100000000)
  region size 1024K, 1 young (1024K), 1 survivors (1024K)
 Metaspace       used 115352K, capacity 117989K, committed 118556K, reserved 1153024K
  class space    used 14449K, capacity 15391K, committed 15488K, reserved 1048576K
}

Deoptimization events (20 events):
Event: 2458.829 Thread 0x000001dd0c2ef000 DEOPT PACKING pc=0x000001dd7478e644 sp=0x0000001de4ffe4a0
Event: 2458.829 Thread 0x000001dd0c2ef000 DEOPT UNPACKING pc=0x000001dd6c2c78af sp=0x0000001de4ffe420 mode 2
Event: 2458.830 Thread 0x000001dd0c2ef000 Uncommon trap: trap_request=0xffffffbe fr.pc=0x000001dd7478e644 relative=0x0000000000000564
Event: 2458.830 Thread 0x000001dd0c2ef000 Uncommon trap: reason=profile_predicate action=maybe_recompile pc=0x000001dd7478e644 method=com.esotericsoftware.kryo.io.Output.writeString(Ljava/lang/CharSequence;)V @ 67 c2
Event: 2458.830 Thread 0x000001dd0c2ef000 DEOPT PACKING pc=0x000001dd7478e644 sp=0x0000001de4ffe400
Event: 2458.830 Thread 0x000001dd0c2ef000 DEOPT UNPACKING pc=0x000001dd6c2c78af sp=0x0000001de4ffe380 mode 2
Event: 2458.847 Thread 0x000001dd0c2ef000 Uncommon trap: trap_request=0xffffffbe fr.pc=0x000001dd7478e644 relative=0x0000000000000564
Event: 2458.847 Thread 0x000001dd0c2ef000 Uncommon trap: reason=profile_predicate action=maybe_recompile pc=0x000001dd7478e644 method=com.esotericsoftware.kryo.io.Output.writeString(Ljava/lang/CharSequence;)V @ 67 c2
Event: 2458.847 Thread 0x000001dd0c2ef000 DEOPT PACKING pc=0x000001dd7478e644 sp=0x0000001de4ffe4a0
Event: 2458.847 Thread 0x000001dd0c2ef000 DEOPT UNPACKING pc=0x000001dd6c2c78af sp=0x0000001de4ffe420 mode 2
Event: 2458.848 Thread 0x000001dd0c2ef000 Uncommon trap: trap_request=0xffffffbe fr.pc=0x000001dd7478e644 relative=0x0000000000000564
Event: 2458.848 Thread 0x000001dd0c2ef000 Uncommon trap: reason=profile_predicate action=maybe_recompile pc=0x000001dd7478e644 method=com.esotericsoftware.kryo.io.Output.writeString(Ljava/lang/CharSequence;)V @ 67 c2
Event: 2458.848 Thread 0x000001dd0c2ef000 DEOPT PACKING pc=0x000001dd7478e644 sp=0x0000001de4ffe400
Event: 2458.848 Thread 0x000001dd0c2ef000 DEOPT UNPACKING pc=0x000001dd6c2c78af sp=0x0000001de4ffe380 mode 2
Event: 2458.885 Thread 0x000001dd0c2ef000 DEOPT PACKING pc=0x000001dd6e9e4d70 sp=0x0000001de4ffe330
Event: 2458.885 Thread 0x000001dd0c2ef000 DEOPT UNPACKING pc=0x000001dd6c2c76ce sp=0x0000001de4ffd7e8 mode 0
Event: 2459.833 Thread 0x000001dd096aa000 Uncommon trap: trap_request=0xffffffc6 fr.pc=0x000001dd74320438 relative=0x0000000000000178
Event: 2459.833 Thread 0x000001dd096aa000 Uncommon trap: reason=bimorphic_or_optimized_type_check action=maybe_recompile pc=0x000001dd74320438 method=com.google.common.collect.ImmutableList.hashCode()I @ 23 c2
Event: 2459.833 Thread 0x000001dd096aa000 DEOPT PACKING pc=0x000001dd74320438 sp=0x0000001de79fcff0
Event: 2459.833 Thread 0x000001dd096aa000 DEOPT UNPACKING pc=0x000001dd6c2c78af sp=0x0000001de79fcf88 mode 2

Classes redefined (0 events):
No events

Internal exceptions (20 events):
Event: 2448.973 Thread 0x000001dd0c2e8800 Exception <a 'java/lang/NoSuchMethodError'{0x000000008810e9d8}: <clinit>> (0x000000008810e9d8) thrown at [./src/hotspot/share/prims/jni.cpp, line 1362]
Event: 2449.142 Thread 0x000001dd0b5b7800 Exception <a 'java/lang/NoSuchMethodError'{0x0000000087d61e80}: 'void java.lang.invoke.DirectMethodHandle$Holder.invokeStatic(java.lang.Object, java.lang.Object, java.lang.Object, java.lang.Object, java.lang.Object, java.lang.Object, java.lang.Object)'> (0x0000000087d61e80) thrown at [./src/hotspot/share/interpreter/linkResolver.cpp, line 773]
Event: 2449.157 Thread 0x000001dd0c2e8800 Exception <a 'java/lang/NoSuchMethodError'{0x0000000087c2bda8}: <clinit>> (0x0000000087c2bda8) thrown at [./src/hotspot/share/prims/jni.cpp, line 1362]
Event: 2449.171 Thread 0x000001dd0b5b7800 Exception <a 'sun/nio/fs/WindowsException'{0x0000000087c7ab60}> (0x0000000087c7ab60) thrown at [./src/hotspot/share/prims/jni.cpp, line 615]
Event: 2449.172 Thread 0x000001dd0b5b7800 Exception <a 'sun/nio/fs/WindowsException'{0x0000000087c7ba10}> (0x0000000087c7ba10) thrown at [./src/hotspot/share/prims/jni.cpp, line 615]
Event: 2449.219 Thread 0x000001dd0b5be000 Exception <a 'sun/nio/fs/WindowsException'{0x0000000087aa8550}> (0x0000000087aa8550) thrown at [./src/hotspot/share/prims/jni.cpp, line 615]
Event: 2451.944 Thread 0x000001dd0b47a800 Implicit null exception at 0x000001dd7461ac74 to 0x000001dd7461aecc
Event: 2453.494 Thread 0x000001dd0b47a800 Implicit null exception at 0x000001dd7461ec98 to 0x000001dd7461fae8
Event: 2454.736 Thread 0x000001dd0b47a800 Implicit null exception at 0x000001dd746b26cd to 0x000001dd746b76b0
Event: 2454.736 Thread 0x000001dd0b47a800 Implicit null exception at 0x000001dd746b26cd to 0x000001dd746b76b0
Event: 2454.846 Thread 0x000001dd0b47a800 Implicit null exception at 0x000001dd746b26cd to 0x000001dd746b76b0
Event: 2454.973 Thread 0x000001dd0b47a800 Exception <a 'java/lang/NoSuchMethodError'{0x00000000890c6528}: <clinit>> (0x00000000890c6528) thrown at [./src/hotspot/share/prims/jni.cpp, line 1362]
Event: 2455.209 Thread 0x000001dd0b5ba000 Implicit null exception at 0x000001dd741b6f30 to 0x000001dd741b7d14
Event: 2455.211 Thread 0x000001dd0b5ba000 Implicit null exception at 0x000001dd741b6f30 to 0x000001dd741b7d14
Event: 2456.128 Thread 0x000001dd0c2ee800 Exception <a 'sun/nio/fs/WindowsException'{0x000000008b79b618}> (0x000000008b79b618) thrown at [./src/hotspot/share/prims/jni.cpp, line 615]
Event: 2456.129 Thread 0x000001dd0c2ee800 Exception <a 'sun/nio/fs/WindowsException'{0x000000008b79ccd8}> (0x000000008b79ccd8) thrown at [./src/hotspot/share/prims/jni.cpp, line 615]
Event: 2456.129 Thread 0x000001dd0c2ee800 Exception <a 'sun/nio/fs/WindowsException'{0x000000008b79cfd8}> (0x000000008b79cfd8) thrown at [./src/hotspot/share/prims/jni.cpp, line 615]
Event: 2456.129 Thread 0x000001dd0c2ee800 Exception <a 'sun/nio/fs/WindowsException'{0x000000008b79e660}> (0x000000008b79e660) thrown at [./src/hotspot/share/prims/jni.cpp, line 615]
Event: 2456.129 Thread 0x000001dd0c2ee800 Exception <a 'sun/nio/fs/WindowsException'{0x000000008b79e928}> (0x000000008b79e928) thrown at [./src/hotspot/share/prims/jni.cpp, line 615]
Event: 2456.130 Thread 0x000001dd0c2ee800 Exception <a 'sun/nio/fs/WindowsException'{0x000000008b79ff98}> (0x000000008b79ff98) thrown at [./src/hotspot/share/prims/jni.cpp, line 615]

Events (20 events):
Event: 2459.843 loading class org/gradle/api/internal/file/DefaultFileTreeElement
Event: 2459.843 loading class org/gradle/api/internal/file/DefaultFileTreeElement done
Event: 2459.844 loading class org/gradle/api/internal/file/AbstractFileTreeElement
Event: 2459.844 loading class org/gradle/api/internal/file/AbstractFileTreeElement done
Event: 2459.846 loading class org/gradle/api/internal/file/AbstractFileTreeElement$CopyFileElementException
Event: 2459.846 loading class org/gradle/api/internal/file/AbstractFileTreeElement$CopyFileElementException done
Event: 2459.906 Executing VM operation: BulkRevokeBias
Event: 2459.914 Executing VM operation: BulkRevokeBias done
Event: 2459.923 Executing VM operation: RevokeBias
Event: 2459.923 Executing VM operation: RevokeBias done
Event: 2459.927 Executing VM operation: RevokeBias
Event: 2459.928 Executing coalesced safepoint VM operation: RevokeBias
Event: 2459.928 Executing coalesced safepoint VM operation: RevokeBias done
Event: 2459.928 Executing VM operation: RevokeBias done
Event: 2459.941 Executing VM operation: RevokeBias
Event: 2459.942 Executing VM operation: RevokeBias done
Event: 2459.951 Executing VM operation: RevokeBias
Event: 2459.952 Executing VM operation: RevokeBias done
Event: 2459.970 Executing VM operation: RevokeBias
Event: 2459.970 Executing VM operation: RevokeBias done


Dynamic libraries:
0x00007ff6c3330000 - 0x00007ff6c333a000 	D:\编译器\Android\android-studio\jre\bin\java.exe
0x00007ffc4d870000 - 0x00007ffc4da65000 	C:\Windows\SYSTEM32\ntdll.dll
0x00007ffc4cd30000 - 0x00007ffc4cdee000 	C:\Windows\System32\KERNEL32.DLL
0x00007ffc4b2c0000 - 0x00007ffc4b589000 	C:\Windows\System32\KERNELBASE.dll
0x00007ffc4b590000 - 0x00007ffc4b690000 	C:\Windows\System32\ucrtbase.dll
0x00007ffc44980000 - 0x00007ffc44997000 	D:\编译器\Android\android-studio\jre\bin\VCRUNTIME140.dll
0x00007ffc44890000 - 0x00007ffc448a9000 	D:\编译器\Android\android-studio\jre\bin\jli.dll
0x00007ffc4c000000 - 0x00007ffc4c1a1000 	C:\Windows\System32\USER32.dll
0x00007ffc4b180000 - 0x00007ffc4b1a2000 	C:\Windows\System32\win32u.dll
0x00007ffc35ef0000 - 0x00007ffc3618a000 	C:\Windows\WinSxS\amd64_microsoft.windows.common-controls_6595b64144ccf1df_6.0.19041.1110_none_60b5254171f9507e\COMCTL32.dll
0x00007ffc4cbf0000 - 0x00007ffc4cc8e000 	C:\Windows\System32\msvcrt.dll
0x00007ffc4d800000 - 0x00007ffc4d82b000 	C:\Windows\System32\GDI32.dll
0x00007ffc4b690000 - 0x00007ffc4b79b000 	C:\Windows\System32\gdi32full.dll
0x00007ffc4b7a0000 - 0x00007ffc4b83d000 	C:\Windows\System32\msvcp_win.dll
0x00007ffc4c220000 - 0x00007ffc4c250000 	C:\Windows\System32\IMM32.DLL
0x00007ffc2b570000 - 0x00007ffc2b60d000 	D:\编译器\Android\android-studio\jre\bin\msvcp140.dll
0x00007ffc08e80000 - 0x00007ffc0994f000 	D:\编译器\Android\android-studio\jre\bin\server\jvm.dll
0x00007ffc4ce50000 - 0x00007ffc4cefc000 	C:\Windows\System32\ADVAPI32.dll
0x00007ffc4cc90000 - 0x00007ffc4cd2b000 	C:\Windows\System32\sechost.dll
0x00007ffc4c4e0000 - 0x00007ffc4c60a000 	C:\Windows\System32\RPCRT4.dll
0x00007ffc4d7f0000 - 0x00007ffc4d7f8000 	C:\Windows\System32\PSAPI.DLL
0x00007ffc3da60000 - 0x00007ffc3da87000 	C:\Windows\SYSTEM32\WINMM.dll
0x00007ffc3da90000 - 0x00007ffc3da9a000 	C:\Windows\SYSTEM32\VERSION.dll
0x00007ffc45b30000 - 0x00007ffc45b39000 	C:\Windows\SYSTEM32\WSOCK32.dll
0x00007ffc4c1b0000 - 0x00007ffc4c21b000 	C:\Windows\System32\WS2_32.dll
0x00007ffc48e90000 - 0x00007ffc48ea2000 	C:\Windows\SYSTEM32\kernel.appcore.dll
0x00007ffc29e20000 - 0x00007ffc29e31000 	D:\编译器\Android\android-studio\jre\bin\verify.dll
0x00007ffc42ba0000 - 0x00007ffc42d84000 	C:\Windows\SYSTEM32\DBGHELP.DLL
0x00007ffc42a30000 - 0x00007ffc42a5c000 	C:\Windows\SYSTEM32\dbgcore.DLL
0x00007ffc4af90000 - 0x00007ffc4b013000 	C:\Windows\System32\bcryptPrimitives.dll
0x00007ffc29df0000 - 0x00007ffc29e19000 	D:\编译器\Android\android-studio\jre\bin\java.dll
0x00007ffc451c0000 - 0x00007ffc451cb000 	D:\编译器\Android\android-studio\jre\bin\jimage.dll
0x00007ffc29a00000 - 0x00007ffc29a18000 	D:\编译器\Android\android-studio\jre\bin\zip.dll
0x00007ffc4cf00000 - 0x00007ffc4d63f000 	C:\Windows\System32\SHELL32.dll
0x00007ffc49090000 - 0x00007ffc49820000 	C:\Windows\SYSTEM32\windows.storage.dll
0x00007ffc4c6a0000 - 0x00007ffc4c9f5000 	C:\Windows\System32\combase.dll
0x00007ffc4a910000 - 0x00007ffc4a93c000 	C:\Windows\SYSTEM32\Wldp.dll
0x00007ffc4ca80000 - 0x00007ffc4cb2d000 	C:\Windows\System32\SHCORE.dll
0x00007ffc4cdf0000 - 0x00007ffc4ce45000 	C:\Windows\System32\shlwapi.dll
0x00007ffc4aed0000 - 0x00007ffc4aeef000 	C:\Windows\SYSTEM32\profapi.dll
0x00007ffc291d0000 - 0x00007ffc291ea000 	D:\编译器\Android\android-studio\jre\bin\net.dll
0x00007ffc418a0000 - 0x00007ffc419a8000 	C:\Windows\SYSTEM32\WINHTTP.dll
0x00007ffc4a670000 - 0x00007ffc4a6da000 	C:\Windows\system32\mswsock.dll
0x00007ffc29090000 - 0x00007ffc290a4000 	D:\编译器\Android\android-studio\jre\bin\nio.dll
0x00007ffc3ee30000 - 0x00007ffc3ee57000 	D:\Demo\Android_projects\MyApplication_WeChat\app\src\main\res\drawable\native\8bec1ad78214c89d9ad589b4d07fe93259594b29d510b10fafb7a158f7737e5d\windows-amd64\native-platform.dll
0x00007ffc34390000 - 0x00007ffc344cd000 	D:\Demo\Android_projects\MyApplication_WeChat\app\src\main\res\drawable\native\53dbd7edfb1c66fb8903c78663c9afc45aea4f116125fa6feffd364cf09443e8\windows-amd64\native-platform-file-events.dll
0x00007ffc41e20000 - 0x00007ffc41e2a000 	D:\编译器\Android\android-studio\jre\bin\management.dll
0x00007ffc3f6e0000 - 0x00007ffc3f6ec000 	D:\编译器\Android\android-studio\jre\bin\management_ext.dll
0x00007ffc4a860000 - 0x00007ffc4a878000 	C:\Windows\SYSTEM32\CRYPTSP.dll
0x00007ffc49ff0000 - 0x00007ffc4a024000 	C:\Windows\system32\rsaenh.dll
0x00007ffc4b890000 - 0x00007ffc4b8b7000 	C:\Windows\System32\bcrypt.dll
0x00007ffc4ae50000 - 0x00007ffc4ae7e000 	C:\Windows\SYSTEM32\USERENV.dll
0x00007ffc4a880000 - 0x00007ffc4a88c000 	C:\Windows\SYSTEM32\CRYPTBASE.dll
0x00007ffc4a360000 - 0x00007ffc4a39b000 	C:\Windows\SYSTEM32\IPHLPAPI.DLL
0x00007ffc4cbe0000 - 0x00007ffc4cbe8000 	C:\Windows\System32\NSI.dll
0x00007ffc437f0000 - 0x00007ffc43807000 	C:\Windows\SYSTEM32\dhcpcsvc6.DLL
0x00007ffc436f0000 - 0x00007ffc4370d000 	C:\Windows\SYSTEM32\dhcpcsvc.DLL
0x00007ffc4a3a0000 - 0x00007ffc4a46c000 	C:\Windows\SYSTEM32\DNSAPI.dll
0x00007ffc45b90000 - 0x00007ffc45bb7000 	D:\编译器\Android\android-studio\jre\bin\sunec.dll
0x00007ffc43d10000 - 0x00007ffc43d1a000 	C:\Windows\System32\rasadhlp.dll
0x00007ffc41730000 - 0x00007ffc417af000 	C:\Windows\System32\fwpuclnt.dll

dbghelp: loaded successfully - version: 4.0.5 - missing functions: none
symbol engine: initialized successfully - sym options: 0x614 - pdb path: .;D:\编译器\Android\android-studio\jre\bin;C:\Windows\SYSTEM32;C:\Windows\WinSxS\amd64_microsoft.windows.common-controls_6595b64144ccf1df_6.0.19041.1110_none_60b5254171f9507e;D:\编译器\Android\android-studio\jre\bin\;D:\编译器\Android\android-studio\jre\b;D:\编译器\Android\android-studio\jr;D:\编译器\Android\android-studio;D:\编译器\Android\android-stu;D:\编译器\Android\android-;D:\编译器\Android\android-studio\jre\bin\server;D:\Demo\Android_projects\MyApplication_WeChat\app\src\main\res\drawable\native\8bec1ad78214c89d9ad589b4d07fe93259594b29d510b10fafb7a1;D:\Demo\Android_projects\MyApplication_WeChat\app\src\main\res\drawable\native\8bec1ad78214c89d9ad589b4d07fe93259594b29d510b10fafb7a158f7737e5d\windows-amd64;D:\Demo\Android_projects\MyApplication_WeChat\app\src\main\res\drawable\native\53dbd7edfb1c66fb8903c78663c9afc45aea4f116125fa6feffd36;D:\Demo\Android_projects\MyApplication_WeChat\app\src\main\res\drawable\native\53dbd7edfb1c66fb8903c78663c9afc45aea4f116125fa6feffd36;D:\Demo\Android_projects\MyApplication_WeChat\app\src\main\res\drawable\native\53dbd7edfb1c66fb8903c78663c9afc45aea4f116125fa6feffd36;D:\Demo\Android_projects\MyApplication_WeChat\app\src\main\res\drawable\native\53dbd7edfb1c66fb8903c78663c9afc45aea4f116125fa6feffd36;D:\Demo\Android_projects\MyApplication_WeChat\app\src\main\res\drawable\native\53dbd7edfb1c66fb8903c78663c9afc45aea4f116125fa6feffd36;D:\Demo\Android_projects\MyApplication_WeChat\app\src\main\res\drawable\native\53dbd7edfb1c66fb8903c78663c9afc45aea4f116125fa6feffd36

VM Arguments:
jvm_args: --add-opens=java.base/java.util=ALL-UNNAMED --add-opens=java.base/java.lang=ALL-UNNAMED --add-opens=java.base/java.lang.invoke=ALL-UNNAMED --add-opens=java.base/java.util=ALL-UNNAMED --add-opens=java.prefs/java.util.prefs=ALL-UNNAMED --add-opens=java.prefs/java.util.prefs=ALL-UNNAMED --add-opens=java.base/java.nio.charset=ALL-UNNAMED --add-opens=java.base/java.net=ALL-UNNAMED --add-opens=java.base/java.util.concurrent.atomic=ALL-UNNAMED -Xmx2048m -Dfile.encoding=UTF-8 -Duser.country=CN -Duser.language=zh -Duser.variant 
java_command: org.gradle.launcher.daemon.bootstrap.GradleDaemon 7.0.2
java_class_path (initial): D:\Demo\Android_projects\MyApplication_WeChat\app\src\main\res\drawable\wrapper\dists\gradle-7.0.2-bin\857tjihv64xamwrf0h14cai3r\gradle-7.0.2\lib\gradle-launcher-7.0.2.jar
Launcher Type: SUN_STANDARD

[Global flags]
     intx CICompilerCount                          = 4                                         {product} {ergonomic}
     uint ConcGCThreads                            = 2                                         {product} {ergonomic}
     uint G1ConcRefinementThreads                  = 8                                         {product} {ergonomic}
   size_t G1HeapRegionSize                         = 1048576                                   {product} {ergonomic}
    uintx GCDrainStackTargetSize                   = 64                                        {product} {ergonomic}
   size_t InitialHeapSize                          = 127926272                                 {product} {ergonomic}
   size_t MarkStackSize                            = 4194304                                   {product} {ergonomic}
   size_t MaxHeapSize                              = 2147483648                                {product} {command line}
   size_t MaxNewSize                               = 1287651328                                {product} {ergonomic}
   size_t MinHeapDeltaBytes                        = 1048576                                   {product} {ergonomic}
    uintx NonNMethodCodeHeapSize                   = 5836300                                {pd product} {ergonomic}
    uintx NonProfiledCodeHeapSize                  = 122910970                              {pd product} {ergonomic}
    uintx ProfiledCodeHeapSize                     = 122910970                              {pd product} {ergonomic}
    uintx ReservedCodeCacheSize                    = 251658240                              {pd product} {ergonomic}
     bool SegmentedCodeCache                       = true                                      {product} {ergonomic}
     bool UseCompressedClassPointers               = true                                 {lp64_product} {ergonomic}
     bool UseCompressedOops                        = true                                 {lp64_product} {ergonomic}
     bool UseG1GC                                  = true                                      {product} {ergonomic}
     bool UseLargePagesIndividualAllocation        = false                                  {pd product} {ergonomic}

Logging:
Log output configuration:
 #0: stdout all=warning uptime,level,tags
 #1: stderr all=off uptime,level,tags

Environment Variables:
JAVA_HOME=D:\JDK\jdk16.0.0\jdk-16.0.2_windows-x64_bin\jdk-16.0.2
CLASSPATH=.;D:\JDK\jdk16.0.0\jdk-16.0.2_windows-x64_bin\jdk-16.0.2\lib;D:\JDK\jdk16.0.0\jdk-16.0.2_windows-x64_bin\jdk-16.0.2\lib\tools.jar
PATH=D:\VMware\bin\;C:\Windows\system32;C:\Windows;C:\Windows\System32\Wbem;C:\Windows\System32\WindowsPowerShell\v1.0\;C:\Windows\System32\OpenSSH\;D:\JDK\jdk16.0.0\jdk-16.0.2_windows-x64_bin\jdk-16.0.2\bin;C:\Program Files (x86)\IVI Foundation\VISA\WinNT\Bin;D:\Git\Git\cmd;D:\编译器\Node.js\node-v16.13.0-win-x64\;D:\编译器\Node.js\node-v16.13.0-win-x64\node_global;D:\python\3.9\Scripts\;D:\python\3.9\;D:\JDK\jdk16.0.0\jdk-16.0.2_windows-x64_bin\jdk-16.0.2;C:\Users\12659\AppData\Local\Microsoft\WindowsApps;
USERNAME=12659
OS=Windows_NT
PROCESSOR_IDENTIFIER=AMD64 Family 23 Model 17 Stepping 0, AuthenticAMD



---------------  S Y S T E M  ---------------

OS: Windows 10 , 64 bit Build 19041 (10.0.19041.1202)
OS uptime: 4 days 6:18 hours

CPU:total 8 (initial active 8) (8 cores per cpu, 2 threads per core) family 23 model 17 stepping 0 microcode 0x0, cmov, cx8, fxsr, mmx, sse, sse2, sse3, ssse3, sse4.1, sse4.2, popcnt, avx, avx2, aes, clmul, mmxext, 3dnowpref, lzcnt, sse4a, ht, tsc, tscinvbit, tscinv, bmi1, bmi2, adx, s

Memory: 4k page, system-wide physical 7734M (226M free)
TotalPageFile size 20534M (AvailPageFile size 2M)
current process WorkingSet (physical memory assigned to process): 383M, peak: 429M
current process commit charge ("private bytes"): 647M, peak: 667M

vm_info: OpenJDK 64-Bit Server VM (11.0.10+0-b96-7249189) for windows-amd64 JRE (11.0.10+0-b96-7249189), built on Mar 31 2021 21:44:00 by "builder" with MS VC++ 14.0 (VS2015)

END.
